Using pre-set license
Built from '2021.3/staging' branch; Version is '2021.3.16f1 (4016570cf34f) revision 4200023'; Using compiler version '192829333'; Build Type 'Release'
OS: 'Windows 11  (10.0.22000) 64bit Core' Language: 'zh' Physical Memory: 8028 MB
BatchMode: 1, IsHumanControllingUs: 0, StartBugReporterOnCrash: 0, Is64bit: 1, IsPro: 1

COMMAND LINE ARGUMENTS:
D:\Unity2.0\2021.3.16f1\Editor\Unity.exe
-adb2
-batchMode
-noUpm
-name
AssetImportWorker4
-projectPath
D:/Unity/GitHub_save/Horror_Game_109051071/Horror_Game_109051071
-logFile
Logs/AssetImportWorker4.log
-srvPort
8591
Successfully changed project path to: D:/Unity/GitHub_save/Horror_Game_109051071/Horror_Game_109051071
D:/Unity/GitHub_save/Horror_Game_109051071/Horror_Game_109051071
[UnityMemory] Configuration Parameters - Can be set up in boot.config
    "memorysetup-bucket-allocator-granularity=16"
    "memorysetup-bucket-allocator-bucket-count=8"
    "memorysetup-bucket-allocator-block-size=33554432"
    "memorysetup-bucket-allocator-block-count=8"
    "memorysetup-main-allocator-block-size=16777216"
    "memorysetup-thread-allocator-block-size=16777216"
    "memorysetup-gfx-main-allocator-block-size=16777216"
    "memorysetup-gfx-thread-allocator-block-size=16777216"
    "memorysetup-cache-allocator-block-size=4194304"
    "memorysetup-typetree-allocator-block-size=2097152"
    "memorysetup-profiler-bucket-allocator-granularity=16"
    "memorysetup-profiler-bucket-allocator-bucket-count=8"
    "memorysetup-profiler-bucket-allocator-block-size=33554432"
    "memorysetup-profiler-bucket-allocator-block-count=8"
    "memorysetup-profiler-allocator-block-size=16777216"
    "memorysetup-profiler-editor-allocator-block-size=1048576"
    "memorysetup-temp-allocator-size-main=16777216"
    "memorysetup-job-temp-allocator-block-size=2097152"
    "memorysetup-job-temp-allocator-block-size-background=1048576"
    "memorysetup-job-temp-allocator-reduction-small-platforms=262144"
    "memorysetup-temp-allocator-size-background-worker=32768"
    "memorysetup-temp-allocator-size-job-worker=262144"
    "memorysetup-temp-allocator-size-preload-manager=33554432"
    "memorysetup-temp-allocator-size-nav-mesh-worker=65536"
    "memorysetup-temp-allocator-size-audio-worker=65536"
    "memorysetup-temp-allocator-size-cloud-worker=32768"
    "memorysetup-temp-allocator-size-gi-baking-worker=262144"
    "memorysetup-temp-allocator-size-gfx=262144"
Player connection [6884] Host "[IP] 192.168.20.119 [Port] 0 [Flags] 2 [Guid] 1537141034 [EditorId] 1537141034 [Version] 1048832 [Id] WindowsEditor(7,200722c25260855) [Debug] 1 [PackageName] WindowsEditor [ProjectName] Editor" joined multi-casting on [225.0.0.222:54997]...

Player connection [6884] Host "[IP] 192.168.20.119 [Port] 0 [Flags] 2 [Guid] 1537141034 [EditorId] 1537141034 [Version] 1048832 [Id] WindowsEditor(7,200722c25260855) [Debug] 1 [PackageName] WindowsEditor [ProjectName] Editor" joined alternative multi-casting on [225.0.0.222:34997]...

Refreshing native plugins compatible for Editor in 81.86 ms, found 3 plugins.
Preloading 0 native plugins for Editor in 0.00 ms.
Initialize engine version: 2021.3.16f1 (4016570cf34f)
[Subsystems] Discovering subsystems at path D:/Unity2.0/2021.3.16f1/Editor/Data/Resources/UnitySubsystems
[Subsystems] Discovering subsystems at path D:/Unity/GitHub_save/Horror_Game_109051071/Horror_Game_109051071/Assets
GfxDevice: creating device client; threaded=0; jobified=0
Direct3D:
    Version:  Direct3D 11.0 [level 11.1]
    Renderer: NVIDIA GeForce GTX 1650 Ti (ID=0x1f95)
    Vendor:   NVIDIA
    VRAM:     3962 MB
    Driver:   31.0.15.1691
Initialize mono
Mono path[0] = 'D:/Unity2.0/2021.3.16f1/Editor/Data/Managed'
Mono path[1] = 'D:/Unity2.0/2021.3.16f1/Editor/Data/MonoBleedingEdge/lib/mono/unityjit-win32'
Mono config path = 'D:/Unity2.0/2021.3.16f1/Editor/Data/MonoBleedingEdge/etc'
Using monoOptions --debugger-agent=transport=dt_socket,embedding=1,server=y,suspend=n,address=127.0.0.1:56632
Begin MonoManager ReloadAssembly
Registering precompiled unity dll's ...
Register platform support module: D:/Unity2.0/2021.3.16f1/Editor/Data/PlaybackEngines/WebGLSupport/UnityEditor.WebGL.Extensions.dll
Register platform support module: D:/Unity2.0/2021.3.16f1/Editor/Data/PlaybackEngines/WindowsStandaloneSupport/UnityEditor.WindowsStandalone.Extensions.dll
Registered in 0.002017 seconds.
Native extension for WindowsStandalone target not found
Native extension for WebGL target not found
Refreshing native plugins compatible for Editor in 77.99 ms, found 3 plugins.
Preloading 0 native plugins for Editor in 0.00 ms.
Mono: successfully reloaded assembly
- Completed reload, in  0.566 seconds
Domain Reload Profiling:
	ReloadAssembly (567ms)
		BeginReloadAssembly (78ms)
			ExecutionOrderSort (0ms)
			DisableScriptedObjects (0ms)
			BackupInstance (0ms)
			ReleaseScriptingObjects (0ms)
			CreateAndSetChildDomain (1ms)
		EndReloadAssembly (397ms)
			LoadAssemblies (78ms)
			RebuildTransferFunctionScriptingTraits (0ms)
			SetupTypeCache (94ms)
			ReleaseScriptCaches (0ms)
			RebuildScriptCaches (27ms)
			SetupLoadedEditorAssemblies (235ms)
				LogAssemblyErrors (0ms)
				InitializePlatformSupportModulesInManaged (6ms)
				SetLoadedEditorAssemblies (0ms)
				RefreshPlugins (78ms)
				BeforeProcessingInitializeOnLoad (2ms)
				ProcessInitializeOnLoadAttributes (110ms)
				ProcessInitializeOnLoadMethodAttributes (39ms)
				AfterProcessingInitializeOnLoad (0ms)
				EditorAssembliesLoaded (0ms)
			ExecutionOrderSort2 (0ms)
			AwakeInstancesAfterBackupRestoration (0ms)
Platform modules already initialized, skipping
Registering precompiled user dll's ...
Registered in 0.005087 seconds.
Begin MonoManager ReloadAssembly
Symbol file LoadedFromMemory doesn't match image D:\Unity\GitHub_save\Horror_Game_109051071\Horror_Game_109051071\Library\PackageCache\com.unity.visualscripting@1.7.8\Editor\VisualScripting.Core\Dependencies\YamlDotNet\Unity.VisualScripting.YamlDotNet.dll
Symbol file LoadedFromMemory doesn't match image D:\Unity\GitHub_save\Horror_Game_109051071\Horror_Game_109051071\Library\PackageCache\com.unity.visualscripting@1.7.8\Editor\VisualScripting.Core\Dependencies\DotNetZip\Unity.VisualScripting.IonicZip.dll
Native extension for WindowsStandalone target not found
Native extension for WebGL target not found
Refreshing native plugins compatible for Editor in 0.51 ms, found 3 plugins.
Preloading 0 native plugins for Editor in 0.00 ms.
Mono: successfully reloaded assembly
- Completed reload, in  0.894 seconds
Domain Reload Profiling:
	ReloadAssembly (895ms)
		BeginReloadAssembly (110ms)
			ExecutionOrderSort (0ms)
			DisableScriptedObjects (6ms)
			BackupInstance (0ms)
			ReleaseScriptingObjects (0ms)
			CreateAndSetChildDomain (16ms)
		EndReloadAssembly (692ms)
			LoadAssemblies (94ms)
			RebuildTransferFunctionScriptingTraits (0ms)
			SetupTypeCache (229ms)
			ReleaseScriptCaches (1ms)
			RebuildScriptCaches (41ms)
			SetupLoadedEditorAssemblies (315ms)
				LogAssemblyErrors (0ms)
				InitializePlatformSupportModulesInManaged (4ms)
				SetLoadedEditorAssemblies (0ms)
				RefreshPlugins (1ms)
				BeforeProcessingInitializeOnLoad (69ms)
				ProcessInitializeOnLoadAttributes (220ms)
				ProcessInitializeOnLoadMethodAttributes (20ms)
				AfterProcessingInitializeOnLoad (2ms)
				EditorAssembliesLoaded (0ms)
			ExecutionOrderSort2 (0ms)
			AwakeInstancesAfterBackupRestoration (6ms)
Platform modules already initialized, skipping
========================================================================
Worker process is ready to serve import requests
Launched and connected shader compiler UnityShaderCompiler.exe after 0.07 seconds
Refreshing native plugins compatible for Editor in 0.54 ms, found 3 plugins.
Preloading 0 native plugins for Editor in 0.00 ms.
Unloading 3362 Unused Serialized files (Serialized files now loaded: 0)
Unloading 27 unused Assets / (113.5 KB). Loaded Objects now: 3822.
Memory consumption went from 116.5 MB to 116.3 MB.
Total: 3.136000 ms (FindLiveObjects: 0.247700 ms CreateObjectMapping: 0.167800 ms MarkObjects: 2.635700 ms  DeleteObjects: 0.083900 ms)

AssetImportParameters requested are different than current active one (requested -> active):
  custom:video-decoder-ogg-theora: a1e56fd34408186e4bbccfd4996cb3dc -> 
  custom:container-muxer-webm: aa71ff27fc2769a1b78a27578f13a17b -> 
  custom:container-demuxer-webm: 4f35f7cbe854078d1ac9338744f61a02 -> 
  custom:video-encoder-webm-vp8: eb34c28f22e8b96e1ab97ce403110664 -> 
  custom:video-codec-MediaFoundation-h265: 746d11721c4dcdbdad8f713fa42b33f4 -> 
  custom:audio-encoder-webm-vorbis: bf7c407c2cedff20999df2af8eb42d56 -> 
  custom:framework-win-MediaFoundation: 216162199b28c13a410421893ffa2e32 -> 
  custom:container-demuxer-ogg: 62fdf1f143b41e24485cea50d1cbac27 -> 
  custom:video-decoder-webm-vp8: 9c59270c3fd7afecdb556c50c9e8de78 -> 
  custom:audio-decoder-ogg-vorbis: bf7c407c2cedff20999df2af8eb42d56 -> 
========================================================================
Received Import Request.
  Time since last request: 48397.522758 seconds.
  path: Assets/Decrepit Dungeon LITE/Prefabs/Doors/Door_A.prefab
  artifactKey: Guid(4aa5a7ef56dd26f4d8cdad18e6dd51d2) Importer(815301076,1909f56bfc062723c751e8b465ee728b)
Start importing Assets/Decrepit Dungeon LITE/Prefabs/Doors/Door_A.prefab using Guid(4aa5a7ef56dd26f4d8cdad18e6dd51d2) Importer(815301076,1909f56bfc062723c751e8b465ee728b)  -> (artifact id: '232ee99f7093b32077aa8392927c44e4') in 0.153153 seconds 
========================================================================
Received Import Request.
  Time since last request: 41.751011 seconds.
  path: Assets/預置物/門A.prefab
  artifactKey: Guid(f85f5a69bd039484eb4d5dc07e4cd8d4) Importer(815301076,1909f56bfc062723c751e8b465ee728b)
Start importing Assets/預置物/門A.prefab using Guid(f85f5a69bd039484eb4d5dc07e4cd8d4) Importer(815301076,1909f56bfc062723c751e8b465ee728b)  -> (artifact id: '1a9498df8d96c44011c875ac54b484f6') in 0.015033 seconds 
========================================================================
Received Import Request.
  Time since last request: 0.008782 seconds.
  path: Assets/預置物/門B.prefab
  artifactKey: Guid(2f8ac67d4ba5a4846a532b1a4d826373) Importer(815301076,1909f56bfc062723c751e8b465ee728b)
Start importing Assets/預置物/門B.prefab using Guid(2f8ac67d4ba5a4846a532b1a4d826373) Importer(815301076,1909f56bfc062723c751e8b465ee728b)  -> (artifact id: 'e51ee6f99b83e1cef8091f0dd26a31de') in 0.047177 seconds 
========================================================================
Received Import Request.
  Time since last request: 3.249942 seconds.
  path: Assets/Decrepit Dungeon LITE/Prefabs/Doorways/Doorway_A.prefab
  artifactKey: Guid(10f6c197dbc5b3d4bb207a1bd7921eba) Importer(815301076,1909f56bfc062723c751e8b465ee728b)
Start importing Assets/Decrepit Dungeon LITE/Prefabs/Doorways/Doorway_A.prefab using Guid(10f6c197dbc5b3d4bb207a1bd7921eba) Importer(815301076,1909f56bfc062723c751e8b465ee728b)  -> (artifact id: 'ed5f9dc8a17dab881bd29686ba5ae0c0') in 0.034823 seconds 
========================================================================
Received Import Request.
  Time since last request: 54.020013 seconds.
  path: Assets/預置物/門牆A.prefab
  artifactKey: Guid(95492be7c3a97f04dbe0a40c1d2ab2dd) Importer(815301076,1909f56bfc062723c751e8b465ee728b)
Start importing Assets/預置物/門牆A.prefab using Guid(95492be7c3a97f04dbe0a40c1d2ab2dd) Importer(815301076,1909f56bfc062723c751e8b465ee728b)  -> (artifact id: '2b248a2a872710586e30ed08e8555fa2') in 0.023928 seconds 
========================================================================
Received Import Request.
  Time since last request: 21.422017 seconds.
  path: Assets/Decrepit Dungeon LITE/Prefabs/Floors/Floor_A.prefab
  artifactKey: Guid(b2f96746c6005c64888263f64272a556) Importer(815301076,1909f56bfc062723c751e8b465ee728b)
Start importing Assets/Decrepit Dungeon LITE/Prefabs/Floors/Floor_A.prefab using Guid(b2f96746c6005c64888263f64272a556) Importer(815301076,1909f56bfc062723c751e8b465ee728b)  -> (artifact id: '4d135a942376ce1fd2a7594c7ef1b295') in 0.019635 seconds 
========================================================================
Received Import Request.
  Time since last request: 31.367723 seconds.
  path: Assets/預置物/地板B.prefab
  artifactKey: Guid(c0ab8c191d711a3438a7f6cc98060234) Importer(815301076,1909f56bfc062723c751e8b465ee728b)
Start importing Assets/預置物/地板B.prefab using Guid(c0ab8c191d711a3438a7f6cc98060234) Importer(815301076,1909f56bfc062723c751e8b465ee728b)  -> (artifact id: 'b2c2622748d5b0c07df0137b4f8f033a') in 0.011766 seconds 
========================================================================
Received Import Request.
  Time since last request: 0.012614 seconds.
  path: Assets/預置物/地板A.prefab
  artifactKey: Guid(5565a7445734550469628013f1f9fe79) Importer(815301076,1909f56bfc062723c751e8b465ee728b)
Start importing Assets/預置物/地板A.prefab using Guid(5565a7445734550469628013f1f9fe79) Importer(815301076,1909f56bfc062723c751e8b465ee728b)  -> (artifact id: 'a4ab834d66c22633e0a06d30f5b66657') in 0.022543 seconds 
========================================================================
Received Import Request.
  Time since last request: 2.217063 seconds.
  path: Assets/Decrepit Dungeon LITE/Prefabs/Pillars/Pillar_A.prefab
  artifactKey: Guid(b93fbb2e189612641be84b2521736734) Importer(815301076,1909f56bfc062723c751e8b465ee728b)
Start importing Assets/Decrepit Dungeon LITE/Prefabs/Pillars/Pillar_A.prefab using Guid(b93fbb2e189612641be84b2521736734) Importer(815301076,1909f56bfc062723c751e8b465ee728b)  -> (artifact id: '5f5bfcd823e646906d934c15ff97b9e4') in 0.030169 seconds 
========================================================================
Received Import Request.
  Time since last request: 0.000014 seconds.
  path: Assets/Decrepit Dungeon LITE/Prefabs/Pillars/Pillar_D.prefab
  artifactKey: Guid(d23659395a6ea074f811f86d6a0639dc) Importer(815301076,1909f56bfc062723c751e8b465ee728b)
Start importing Assets/Decrepit Dungeon LITE/Prefabs/Pillars/Pillar_D.prefab using Guid(d23659395a6ea074f811f86d6a0639dc) Importer(815301076,1909f56bfc062723c751e8b465ee728b)  -> (artifact id: '5a9b00024e35aa1aa320c314e14c14aa') in 0.028031 seconds 
========================================================================
Received Import Request.
  Time since last request: 39.882928 seconds.
  path: Assets/預置物/柱子C.prefab
  artifactKey: Guid(0993ca7f8cadd2444aa6442139377c4f) Importer(815301076,1909f56bfc062723c751e8b465ee728b)
Start importing Assets/預置物/柱子C.prefab using Guid(0993ca7f8cadd2444aa6442139377c4f) Importer(815301076,1909f56bfc062723c751e8b465ee728b)  -> (artifact id: '969aaf5ad061c2a80975f95e9e29d694') in 0.018782 seconds 
========================================================================
Received Import Request.
  Time since last request: 0.004655 seconds.
  path: Assets/預置物/柱子A.prefab
  artifactKey: Guid(d1f986302b656d3468984f08b7e14e50) Importer(815301076,1909f56bfc062723c751e8b465ee728b)
Start importing Assets/預置物/柱子A.prefab using Guid(d1f986302b656d3468984f08b7e14e50) Importer(815301076,1909f56bfc062723c751e8b465ee728b)  -> (artifact id: 'cb7a7565a58e2e857130fa452d2d336e') in 0.029102 seconds 
========================================================================
Received Import Request.
  Time since last request: 0.000030 seconds.
  path: Assets/預置物/柱子E.prefab
  artifactKey: Guid(805cd289cd9cf6e479eec407d78ea777) Importer(815301076,1909f56bfc062723c751e8b465ee728b)
Start importing Assets/預置物/柱子E.prefab using Guid(805cd289cd9cf6e479eec407d78ea777) Importer(815301076,1909f56bfc062723c751e8b465ee728b)  -> (artifact id: '1d036658c952fdcb2b00fc373b988cb1') in 0.028279 seconds 
========================================================================
Received Import Request.
  Time since last request: 4.403409 seconds.
  path: Assets/Decrepit Dungeon LITE/Prefabs/Props/Arch_Gate.prefab
  artifactKey: Guid(e8509d0bc33ac9c4088232205ccc9352) Importer(815301076,1909f56bfc062723c751e8b465ee728b)
Start importing Assets/Decrepit Dungeon LITE/Prefabs/Props/Arch_Gate.prefab using Guid(e8509d0bc33ac9c4088232205ccc9352) Importer(815301076,1909f56bfc062723c751e8b465ee728b)  -> (artifact id: '0ee4d4d4bd7a9f0eeb53ddfde31bd886') in 0.044042 seconds 
========================================================================
Received Import Request.
  Time since last request: 0.000123 seconds.
  path: Assets/Decrepit Dungeon LITE/Prefabs/Props/Crate_A.prefab
  artifactKey: Guid(480db41665e53e7478c2fa3aa583a1a6) Importer(815301076,1909f56bfc062723c751e8b465ee728b)
Start importing Assets/Decrepit Dungeon LITE/Prefabs/Props/Crate_A.prefab using Guid(480db41665e53e7478c2fa3aa583a1a6) Importer(815301076,1909f56bfc062723c751e8b465ee728b)  -> (artifact id: 'aac549b26b76be5c64b30be7946c2a7b') in 0.027663 seconds 
========================================================================
Received Import Request.
  Time since last request: 0.000098 seconds.
  path: Assets/Decrepit Dungeon LITE/Prefabs/Props/Chain_B.prefab
  artifactKey: Guid(58f563355aadeb3449ef8dea38d684a1) Importer(815301076,1909f56bfc062723c751e8b465ee728b)
Start importing Assets/Decrepit Dungeon LITE/Prefabs/Props/Chain_B.prefab using Guid(58f563355aadeb3449ef8dea38d684a1) Importer(815301076,1909f56bfc062723c751e8b465ee728b)  -> (artifact id: '2665489f0daa301b62b35f074b9ef072') in 0.041201 seconds 
========================================================================
Received Import Request.
  Time since last request: 0.000065 seconds.
  path: Assets/Decrepit Dungeon LITE/Prefabs/Props/Floor_Gate.prefab
  artifactKey: Guid(8377b28f368c45d4199bae71a2a5eabc) Importer(815301076,1909f56bfc062723c751e8b465ee728b)
Start importing Assets/Decrepit Dungeon LITE/Prefabs/Props/Floor_Gate.prefab using Guid(8377b28f368c45d4199bae71a2a5eabc) Importer(815301076,1909f56bfc062723c751e8b465ee728b)  -> (artifact id: 'bdb84c773850abbe1666e7b1d103ed2d') in 0.029010 seconds 
========================================================================
Received Import Request.
  Time since last request: 0.000044 seconds.
  path: Assets/Decrepit Dungeon LITE/Prefabs/Props/Cell_Seat.prefab
  artifactKey: Guid(174108d41170dfe4b99e461fa4207ec1) Importer(815301076,1909f56bfc062723c751e8b465ee728b)
Start importing Assets/Decrepit Dungeon LITE/Prefabs/Props/Cell_Seat.prefab using Guid(174108d41170dfe4b99e461fa4207ec1) Importer(815301076,1909f56bfc062723c751e8b465ee728b)  -> (artifact id: '904088bcebe8c71c884b8660431e7cb5') in 0.040265 seconds 
========================================================================
Received Import Request.
  Time since last request: 0.000024 seconds.
  path: Assets/Decrepit Dungeon LITE/Prefabs/Props/Ladder.prefab
  artifactKey: Guid(7bade91c709d500478a3cdaa697994d7) Importer(815301076,1909f56bfc062723c751e8b465ee728b)
Start importing Assets/Decrepit Dungeon LITE/Prefabs/Props/Ladder.prefab using Guid(7bade91c709d500478a3cdaa697994d7) Importer(815301076,1909f56bfc062723c751e8b465ee728b)  -> (artifact id: '6309637d7c0370f3d97b030fcb6a0647') in 0.029452 seconds 
========================================================================
Received Import Request.
  Time since last request: 0.000019 seconds.
  path: Assets/Decrepit Dungeon LITE/Prefabs/Props/Torch.prefab
  artifactKey: Guid(731670d05affd0045a25600d2045889f) Importer(815301076,1909f56bfc062723c751e8b465ee728b)
Start importing Assets/Decrepit Dungeon LITE/Prefabs/Props/Torch.prefab using Guid(731670d05affd0045a25600d2045889f) Importer(815301076,1909f56bfc062723c751e8b465ee728b)  -> (artifact id: 'f53abab9e4ca9e88c2af59aa6744327f') in 0.069961 seconds 
========================================================================
Received Import Request.
  Time since last request: 0.000025 seconds.
  path: Assets/Decrepit Dungeon LITE/Prefabs/Props/Stool_A_Broken.prefab
  artifactKey: Guid(eb9a0a0315e3a16499b4caa557a46bfb) Importer(815301076,1909f56bfc062723c751e8b465ee728b)
Start importing Assets/Decrepit Dungeon LITE/Prefabs/Props/Stool_A_Broken.prefab using Guid(eb9a0a0315e3a16499b4caa557a46bfb) Importer(815301076,1909f56bfc062723c751e8b465ee728b)  -> (artifact id: '62dbc519a2f0aa71473a579a7c6b187f') in 0.023012 seconds 
========================================================================
Received Import Request.
  Time since last request: 0.000053 seconds.
  path: Assets/Decrepit Dungeon LITE/Prefabs/Props/Chain_D.prefab
  artifactKey: Guid(065afdc0580dbbe498b318b35d182112) Importer(815301076,1909f56bfc062723c751e8b465ee728b)
Start importing Assets/Decrepit Dungeon LITE/Prefabs/Props/Chain_D.prefab using Guid(065afdc0580dbbe498b318b35d182112) Importer(815301076,1909f56bfc062723c751e8b465ee728b)  -> (artifact id: '4079715e11fe42a77f94a523a1c8fa80') in 0.025678 seconds 
========================================================================
Received Import Request.
  Time since last request: 19.273251 seconds.
  path: Assets/預置物/地板
  artifactKey: Guid(7b3449faea3502846ac9da34410e0814) Importer(815301076,1909f56bfc062723c751e8b465ee728b)
Start importing Assets/預置物/地板 using Guid(7b3449faea3502846ac9da34410e0814) Importer(815301076,1909f56bfc062723c751e8b465ee728b)  -> (artifact id: '9b9a296591597c77ff38370750c92c54') in 0.002698 seconds 
========================================================================
Received Import Request.
  Time since last request: 16.292953 seconds.
  path: Assets/預置物/地板/牆壁
  artifactKey: Guid(5f6d8a7dc50a2304bb4d65fdbe50dffb) Importer(815301076,1909f56bfc062723c751e8b465ee728b)
Start importing Assets/預置物/地板/牆壁 using Guid(5f6d8a7dc50a2304bb4d65fdbe50dffb) Importer(815301076,1909f56bfc062723c751e8b465ee728b)  -> (artifact id: '3b033ad3a120de82fce3bdfa54095679') in 0.003023 seconds 
========================================================================
Received Import Request.
  Time since last request: 37.371901 seconds.
  path: Assets/預置物/牆壁/怪物
  artifactKey: Guid(00193fae7e8448b4b9538132227d2666) Importer(815301076,1909f56bfc062723c751e8b465ee728b)
Start importing Assets/預置物/牆壁/怪物 using Guid(00193fae7e8448b4b9538132227d2666) Importer(815301076,1909f56bfc062723c751e8b465ee728b)  -> (artifact id: '9030b626de345b34997228efeb296424') in 0.002996 seconds 
========================================================================
Received Import Request.
  Time since last request: 36.958099 seconds.
  path: Assets/預置物/j污漬
  artifactKey: Guid(07511cc1b90e8874fba6c23e4b05f3c2) Importer(815301076,1909f56bfc062723c751e8b465ee728b)
Start importing Assets/預置物/j污漬 using Guid(07511cc1b90e8874fba6c23e4b05f3c2) Importer(815301076,1909f56bfc062723c751e8b465ee728b)  -> (artifact id: '9954d28aea1d80bcaf22aa8a45726f88') in 0.002908 seconds 
========================================================================
Received Import Request.
  Time since last request: 6.788765 seconds.
  path: Assets/預置物/污漬
  artifactKey: Guid(07511cc1b90e8874fba6c23e4b05f3c2) Importer(815301076,1909f56bfc062723c751e8b465ee728b)
Start importing Assets/預置物/污漬 using Guid(07511cc1b90e8874fba6c23e4b05f3c2) Importer(815301076,1909f56bfc062723c751e8b465ee728b)  -> (artifact id: 'a00869ddc2e1bff75ad4e7584547c3df') in 0.003188 seconds 
========================================================================
Received Import Request.
  Time since last request: 16.879688 seconds.
  path: Assets/預置物/小物件
  artifactKey: Guid(66745321445c27e4dba3ec34c00e45b8) Importer(815301076,1909f56bfc062723c751e8b465ee728b)
Start importing Assets/預置物/小物件 using Guid(66745321445c27e4dba3ec34c00e45b8) Importer(815301076,1909f56bfc062723c751e8b465ee728b)  -> (artifact id: 'd346530d4aa15788f3ce6ca79f1c1e26') in 0.004669 seconds 
========================================================================
Received Import Request.
  Time since last request: 68.832019 seconds.
  path: Assets/Decrepit Dungeon LITE/Prefabs/Props/Crate_A.prefab
  artifactKey: Guid(480db41665e53e7478c2fa3aa583a1a6) Importer(815301076,1909f56bfc062723c751e8b465ee728b)
Start importing Assets/Decrepit Dungeon LITE/Prefabs/Props/Crate_A.prefab using Guid(480db41665e53e7478c2fa3aa583a1a6) Importer(815301076,1909f56bfc062723c751e8b465ee728b)  -> (artifact id: '992f5e8bbe7f9ca2f910abb84f7bf70d') in 0.044538 seconds 
========================================================================
Received Import Request.
  Time since last request: 0.000045 seconds.
  path: Assets/Decrepit Dungeon LITE/Prefabs/Props/Hanging_Cage.prefab
  artifactKey: Guid(443b16cc2c749c1449edeccb23f05576) Importer(815301076,1909f56bfc062723c751e8b465ee728b)
Start importing Assets/Decrepit Dungeon LITE/Prefabs/Props/Hanging_Cage.prefab using Guid(443b16cc2c749c1449edeccb23f05576) Importer(815301076,1909f56bfc062723c751e8b465ee728b)  -> (artifact id: '226eb430cea8e054b1e7abaf82938b73') in 0.026238 seconds 
========================================================================
Received Import Request.
  Time since last request: 0.000049 seconds.
  path: Assets/Decrepit Dungeon LITE/Prefabs/Props/Floor_Gate.prefab
  artifactKey: Guid(8377b28f368c45d4199bae71a2a5eabc) Importer(815301076,1909f56bfc062723c751e8b465ee728b)
Start importing Assets/Decrepit Dungeon LITE/Prefabs/Props/Floor_Gate.prefab using Guid(8377b28f368c45d4199bae71a2a5eabc) Importer(815301076,1909f56bfc062723c751e8b465ee728b)  -> (artifact id: '5d9a5fc375b717696bb0fd0b8c31288c') in 0.027150 seconds 
========================================================================
Received Import Request.
  Time since last request: 0.000035 seconds.
  path: Assets/Decrepit Dungeon LITE/Prefabs/Props/Crate_C.prefab
  artifactKey: Guid(e9304edb27ba2474ca3a050aa5bc741b) Importer(815301076,1909f56bfc062723c751e8b465ee728b)
Start importing Assets/Decrepit Dungeon LITE/Prefabs/Props/Crate_C.prefab using Guid(e9304edb27ba2474ca3a050aa5bc741b) Importer(815301076,1909f56bfc062723c751e8b465ee728b)  -> (artifact id: '2bae9bed6cfb1a9f40886418c38e2978') in 0.025509 seconds 
========================================================================
Received Import Request.
  Time since last request: 0.000026 seconds.
  path: Assets/Decrepit Dungeon LITE/Prefabs/Props/Floor_Cage.prefab
  artifactKey: Guid(08e1ecba9be6e5b418edf1bf869b4e00) Importer(815301076,1909f56bfc062723c751e8b465ee728b)
Start importing Assets/Decrepit Dungeon LITE/Prefabs/Props/Floor_Cage.prefab using Guid(08e1ecba9be6e5b418edf1bf869b4e00) Importer(815301076,1909f56bfc062723c751e8b465ee728b)  -> (artifact id: '788e76baea6541b762b3579dc46541e3') in 0.018685 seconds 
========================================================================
Received Import Request.
  Time since last request: 0.000126 seconds.
  path: Assets/Decrepit Dungeon LITE/Prefabs/Props/Tunnel_Grate_Broken.prefab
  artifactKey: Guid(3cee1252b3c2c9644a890b8c04e80479) Importer(815301076,1909f56bfc062723c751e8b465ee728b)
Start importing Assets/Decrepit Dungeon LITE/Prefabs/Props/Tunnel_Grate_Broken.prefab using Guid(3cee1252b3c2c9644a890b8c04e80479) Importer(815301076,1909f56bfc062723c751e8b465ee728b)  -> (artifact id: '161b7c9a49fc307900953802c2098918') in 0.021087 seconds 
========================================================================
Received Import Request.
  Time since last request: 0.000018 seconds.
  path: Assets/Decrepit Dungeon LITE/Prefabs/Props/Table_C.prefab
  artifactKey: Guid(09edea94305a15149b2ac23692282140) Importer(815301076,1909f56bfc062723c751e8b465ee728b)
Start importing Assets/Decrepit Dungeon LITE/Prefabs/Props/Table_C.prefab using Guid(09edea94305a15149b2ac23692282140) Importer(815301076,1909f56bfc062723c751e8b465ee728b)  -> (artifact id: '7d08c43f78ff096857d85b85ba26bbaa') in 0.023887 seconds 
========================================================================
Received Import Request.
  Time since last request: 0.000043 seconds.
  path: Assets/Decrepit Dungeon LITE/Prefabs/Props/Stool_A_Broken.prefab
  artifactKey: Guid(eb9a0a0315e3a16499b4caa557a46bfb) Importer(815301076,1909f56bfc062723c751e8b465ee728b)
Start importing Assets/Decrepit Dungeon LITE/Prefabs/Props/Stool_A_Broken.prefab using Guid(eb9a0a0315e3a16499b4caa557a46bfb) Importer(815301076,1909f56bfc062723c751e8b465ee728b)  -> (artifact id: '42a8d9fcb25d9dc87ba0736a3d884298') in 0.025411 seconds 
Editor requested this worker to shutdown with reason: Scaling down because of idle timeout
AssetImportWorker is now disconnected from the server
Process exiting
Exiting without the bug reporter. Application will terminate with return code 0