Using pre-set license
Built from '2021.3/staging' branch; Version is '2021.3.16f1 (4016570cf34f) revision 4200023'; Using compiler version '192829333'; Build Type 'Release'
OS: 'Windows 11  (10.0.22000) 64bit Core' Language: 'zh' Physical Memory: 8028 MB
BatchMode: 1, IsHumanControllingUs: 0, StartBugReporterOnCrash: 0, Is64bit: 1, IsPro: 1

COMMAND LINE ARGUMENTS:
D:\Unity2.0\2021.3.16f1\Editor\Unity.exe
-adb2
-batchMode
-noUpm
-name
AssetImportWorker5
-projectPath
D:/Unity/GitHub_save/Horror_Game_109051071/Horror_Game_109051071
-logFile
Logs/AssetImportWorker5.log
-srvPort
8591
Successfully changed project path to: D:/Unity/GitHub_save/Horror_Game_109051071/Horror_Game_109051071
D:/Unity/GitHub_save/Horror_Game_109051071/Horror_Game_109051071
[UnityMemory] Configuration Parameters - Can be set up in boot.config
    "memorysetup-bucket-allocator-granularity=16"
    "memorysetup-bucket-allocator-bucket-count=8"
    "memorysetup-bucket-allocator-block-size=33554432"
    "memorysetup-bucket-allocator-block-count=8"
    "memorysetup-main-allocator-block-size=16777216"
    "memorysetup-thread-allocator-block-size=16777216"
    "memorysetup-gfx-main-allocator-block-size=16777216"
    "memorysetup-gfx-thread-allocator-block-size=16777216"
    "memorysetup-cache-allocator-block-size=4194304"
    "memorysetup-typetree-allocator-block-size=2097152"
    "memorysetup-profiler-bucket-allocator-granularity=16"
    "memorysetup-profiler-bucket-allocator-bucket-count=8"
    "memorysetup-profiler-bucket-allocator-block-size=33554432"
    "memorysetup-profiler-bucket-allocator-block-count=8"
    "memorysetup-profiler-allocator-block-size=16777216"
    "memorysetup-profiler-editor-allocator-block-size=1048576"
    "memorysetup-temp-allocator-size-main=16777216"
    "memorysetup-job-temp-allocator-block-size=2097152"
    "memorysetup-job-temp-allocator-block-size-background=1048576"
    "memorysetup-job-temp-allocator-reduction-small-platforms=262144"
    "memorysetup-temp-allocator-size-background-worker=32768"
    "memorysetup-temp-allocator-size-job-worker=262144"
    "memorysetup-temp-allocator-size-preload-manager=33554432"
    "memorysetup-temp-allocator-size-nav-mesh-worker=65536"
    "memorysetup-temp-allocator-size-audio-worker=65536"
    "memorysetup-temp-allocator-size-cloud-worker=32768"
    "memorysetup-temp-allocator-size-gi-baking-worker=262144"
    "memorysetup-temp-allocator-size-gfx=262144"
Player connection [23756] Host "[IP] 192.168.20.119 [Port] 0 [Flags] 2 [Guid] 4028686612 [EditorId] 4028686612 [Version] 1048832 [Id] WindowsEditor(7,200722c25260855) [Debug] 1 [PackageName] WindowsEditor [ProjectName] Editor" joined multi-casting on [225.0.0.222:54997]...

Player connection [23756] Host "[IP] 192.168.20.119 [Port] 0 [Flags] 2 [Guid] 4028686612 [EditorId] 4028686612 [Version] 1048832 [Id] WindowsEditor(7,200722c25260855) [Debug] 1 [PackageName] WindowsEditor [ProjectName] Editor" joined alternative multi-casting on [225.0.0.222:34997]...

Refreshing native plugins compatible for Editor in 91.85 ms, found 3 plugins.
Preloading 0 native plugins for Editor in 0.00 ms.
Initialize engine version: 2021.3.16f1 (4016570cf34f)
[Subsystems] Discovering subsystems at path D:/Unity2.0/2021.3.16f1/Editor/Data/Resources/UnitySubsystems
[Subsystems] Discovering subsystems at path D:/Unity/GitHub_save/Horror_Game_109051071/Horror_Game_109051071/Assets
GfxDevice: creating device client; threaded=0; jobified=0
Direct3D:
    Version:  Direct3D 11.0 [level 11.1]
    Renderer: NVIDIA GeForce GTX 1650 Ti (ID=0x1f95)
    Vendor:   NVIDIA
    VRAM:     3962 MB
    Driver:   31.0.15.1691
Initialize mono
Mono path[0] = 'D:/Unity2.0/2021.3.16f1/Editor/Data/Managed'
Mono path[1] = 'D:/Unity2.0/2021.3.16f1/Editor/Data/MonoBleedingEdge/lib/mono/unityjit-win32'
Mono config path = 'D:/Unity2.0/2021.3.16f1/Editor/Data/MonoBleedingEdge/etc'
Using monoOptions --debugger-agent=transport=dt_socket,embedding=1,server=y,suspend=n,address=127.0.0.1:56308
Begin MonoManager ReloadAssembly
Registering precompiled unity dll's ...
Register platform support module: D:/Unity2.0/2021.3.16f1/Editor/Data/PlaybackEngines/WebGLSupport/UnityEditor.WebGL.Extensions.dll
Register platform support module: D:/Unity2.0/2021.3.16f1/Editor/Data/PlaybackEngines/WindowsStandaloneSupport/UnityEditor.WindowsStandalone.Extensions.dll
Registered in 0.002148 seconds.
Native extension for WindowsStandalone target not found
Native extension for WebGL target not found
Refreshing native plugins compatible for Editor in 72.94 ms, found 3 plugins.
Preloading 0 native plugins for Editor in 0.00 ms.
Mono: successfully reloaded assembly
- Completed reload, in  0.544 seconds
Domain Reload Profiling:
	ReloadAssembly (545ms)
		BeginReloadAssembly (74ms)
			ExecutionOrderSort (0ms)
			DisableScriptedObjects (0ms)
			BackupInstance (0ms)
			ReleaseScriptingObjects (0ms)
			CreateAndSetChildDomain (1ms)
		EndReloadAssembly (386ms)
			LoadAssemblies (74ms)
			RebuildTransferFunctionScriptingTraits (0ms)
			SetupTypeCache (92ms)
			ReleaseScriptCaches (0ms)
			RebuildScriptCaches (26ms)
			SetupLoadedEditorAssemblies (228ms)
				LogAssemblyErrors (0ms)
				InitializePlatformSupportModulesInManaged (6ms)
				SetLoadedEditorAssemblies (0ms)
				RefreshPlugins (73ms)
				BeforeProcessingInitializeOnLoad (1ms)
				ProcessInitializeOnLoadAttributes (105ms)
				ProcessInitializeOnLoadMethodAttributes (42ms)
				AfterProcessingInitializeOnLoad (0ms)
				EditorAssembliesLoaded (0ms)
			ExecutionOrderSort2 (0ms)
			AwakeInstancesAfterBackupRestoration (0ms)
Platform modules already initialized, skipping
Registering precompiled user dll's ...
Registered in 0.005401 seconds.
Begin MonoManager ReloadAssembly
Symbol file LoadedFromMemory doesn't match image D:\Unity\GitHub_save\Horror_Game_109051071\Horror_Game_109051071\Library\PackageCache\com.unity.visualscripting@1.7.8\Editor\VisualScripting.Core\Dependencies\YamlDotNet\Unity.VisualScripting.YamlDotNet.dll
Symbol file LoadedFromMemory doesn't match image D:\Unity\GitHub_save\Horror_Game_109051071\Horror_Game_109051071\Library\PackageCache\com.unity.visualscripting@1.7.8\Editor\VisualScripting.Core\Dependencies\DotNetZip\Unity.VisualScripting.IonicZip.dll
Native extension for WindowsStandalone target not found
Native extension for WebGL target not found
Refreshing native plugins compatible for Editor in 0.51 ms, found 3 plugins.
Preloading 0 native plugins for Editor in 0.00 ms.
Mono: successfully reloaded assembly
- Completed reload, in  0.890 seconds
Domain Reload Profiling:
	ReloadAssembly (890ms)
		BeginReloadAssembly (105ms)
			ExecutionOrderSort (0ms)
			DisableScriptedObjects (5ms)
			BackupInstance (0ms)
			ReleaseScriptingObjects (0ms)
			CreateAndSetChildDomain (16ms)
		EndReloadAssembly (679ms)
			LoadAssemblies (93ms)
			RebuildTransferFunctionScriptingTraits (0ms)
			SetupTypeCache (231ms)
			ReleaseScriptCaches (1ms)
			RebuildScriptCaches (42ms)
			SetupLoadedEditorAssemblies (298ms)
				LogAssemblyErrors (0ms)
				InitializePlatformSupportModulesInManaged (4ms)
				SetLoadedEditorAssemblies (0ms)
				RefreshPlugins (1ms)
				BeforeProcessingInitializeOnLoad (71ms)
				ProcessInitializeOnLoadAttributes (200ms)
				ProcessInitializeOnLoadMethodAttributes (20ms)
				AfterProcessingInitializeOnLoad (2ms)
				EditorAssembliesLoaded (0ms)
			ExecutionOrderSort2 (0ms)
			AwakeInstancesAfterBackupRestoration (7ms)
Platform modules already initialized, skipping
========================================================================
Worker process is ready to serve import requests
Launched and connected shader compiler UnityShaderCompiler.exe after 0.04 seconds
Refreshing native plugins compatible for Editor in 0.70 ms, found 3 plugins.
Preloading 0 native plugins for Editor in 0.00 ms.
Unloading 3362 Unused Serialized files (Serialized files now loaded: 0)
Unloading 27 unused Assets / (114.0 KB). Loaded Objects now: 3824.
Memory consumption went from 116.8 MB to 116.7 MB.
Total: 3.416000 ms (FindLiveObjects: 0.290500 ms CreateObjectMapping: 0.187500 ms MarkObjects: 2.839600 ms  DeleteObjects: 0.097600 ms)

AssetImportParameters requested are different than current active one (requested -> active):
  custom:video-decoder-ogg-theora: a1e56fd34408186e4bbccfd4996cb3dc -> 
  custom:container-muxer-webm: aa71ff27fc2769a1b78a27578f13a17b -> 
  custom:container-demuxer-webm: 4f35f7cbe854078d1ac9338744f61a02 -> 
  custom:video-encoder-webm-vp8: eb34c28f22e8b96e1ab97ce403110664 -> 
  custom:video-codec-MediaFoundation-h265: 746d11721c4dcdbdad8f713fa42b33f4 -> 
  custom:audio-encoder-webm-vorbis: bf7c407c2cedff20999df2af8eb42d56 -> 
  custom:framework-win-MediaFoundation: 216162199b28c13a410421893ffa2e32 -> 
  custom:container-demuxer-ogg: 62fdf1f143b41e24485cea50d1cbac27 -> 
  custom:video-decoder-webm-vp8: 9c59270c3fd7afecdb556c50c9e8de78 -> 
  custom:audio-decoder-ogg-vorbis: bf7c407c2cedff20999df2af8eb42d56 -> 
========================================================================
Received Import Request.
  Time since last request: 49295.756535 seconds.
  path: Assets/預置物/小物件/木椅.prefab
  artifactKey: Guid(053fe947cd1be9d4995b02ef213cbf07) Importer(815301076,1909f56bfc062723c751e8b465ee728b)
Start importing Assets/預置物/小物件/木椅.prefab using Guid(053fe947cd1be9d4995b02ef213cbf07) Importer(815301076,1909f56bfc062723c751e8b465ee728b)  -> (artifact id: '77a98b610e60207f1ad92e1e7f45aef1') in 0.217384 seconds 
========================================================================
Received Import Request.
  Time since last request: 0.000046 seconds.
  path: Assets/預置物/小物件/鐵籠天花板.prefab
  artifactKey: Guid(8118daa7d5dbb8045b44ec5f19720478) Importer(815301076,1909f56bfc062723c751e8b465ee728b)
Start importing Assets/預置物/小物件/鐵籠天花板.prefab using Guid(8118daa7d5dbb8045b44ec5f19720478) Importer(815301076,1909f56bfc062723c751e8b465ee728b)  -> (artifact id: 'f35577c3399900d6d8ca7109665611eb') in 0.043820 seconds 
========================================================================
Received Import Request.
  Time since last request: 0.000050 seconds.
  path: Assets/預置物/小物件/木椅損毀.prefab
  artifactKey: Guid(464b13564846bf54f833e866839d3101) Importer(815301076,1909f56bfc062723c751e8b465ee728b)
Start importing Assets/預置物/小物件/木椅損毀.prefab using Guid(464b13564846bf54f833e866839d3101) Importer(815301076,1909f56bfc062723c751e8b465ee728b)  -> (artifact id: '5e2136b60979c05dad49bc9dbac03d7f') in 0.037726 seconds 
========================================================================
Received Import Request.
  Time since last request: 0.000023 seconds.
  path: Assets/預置物/小物件/木箱B.prefab
  artifactKey: Guid(3815226115ef1a84f82337c020319e23) Importer(815301076,1909f56bfc062723c751e8b465ee728b)
Start importing Assets/預置物/小物件/木箱B.prefab using Guid(3815226115ef1a84f82337c020319e23) Importer(815301076,1909f56bfc062723c751e8b465ee728b)  -> (artifact id: 'f9c33805db299edd5d98c85935cff742') in 0.023086 seconds 
========================================================================
Received Import Request.
  Time since last request: 0.000034 seconds.
  path: Assets/預置物/小物件/鎖鏈E.prefab
  artifactKey: Guid(00578df61bb54b343a325ae6e203c6ff) Importer(815301076,1909f56bfc062723c751e8b465ee728b)
Start importing Assets/預置物/小物件/鎖鏈E.prefab using Guid(00578df61bb54b343a325ae6e203c6ff) Importer(815301076,1909f56bfc062723c751e8b465ee728b)  -> (artifact id: '0a72871847697eb2d7a0941fdf134b4a') in 0.025101 seconds 
========================================================================
Received Import Request.
  Time since last request: 0.000045 seconds.
  path: Assets/預置物/小物件/木箱C.prefab
  artifactKey: Guid(f2ecc37572683ea4f90da8106f4013e8) Importer(815301076,1909f56bfc062723c751e8b465ee728b)
Start importing Assets/預置物/小物件/木箱C.prefab using Guid(f2ecc37572683ea4f90da8106f4013e8) Importer(815301076,1909f56bfc062723c751e8b465ee728b)  -> (artifact id: '376fcce86921275dadc70d07ab7e9912') in 0.023904 seconds 
========================================================================
Received Import Request.
  Time since last request: 3.891066 seconds.
  path: Assets/預置物/小物件/木桌C.prefab
  artifactKey: Guid(1f3d41dd9f411f640ad1f890e657bec0) Importer(815301076,1909f56bfc062723c751e8b465ee728b)
Start importing Assets/預置物/小物件/木桌C.prefab using Guid(1f3d41dd9f411f640ad1f890e657bec0) Importer(815301076,1909f56bfc062723c751e8b465ee728b)  -> (artifact id: '84e525a311db0badf0de26e63eaa6bd1') in 0.021622 seconds 
========================================================================
Received Import Request.
  Time since last request: 0.000018 seconds.
  path: Assets/預置物/小物件/木桶2.prefab
  artifactKey: Guid(56a972093a0c9a7419dceee7ef8d2c74) Importer(815301076,1909f56bfc062723c751e8b465ee728b)
Start importing Assets/預置物/小物件/木桶2.prefab using Guid(56a972093a0c9a7419dceee7ef8d2c74) Importer(815301076,1909f56bfc062723c751e8b465ee728b)  -> (artifact id: '0113b84707cfc08744741769cd8b6f5a') in 0.031840 seconds 
========================================================================
Received Import Request.
  Time since last request: 0.001162 seconds.
  path: Assets/預置物/小物件/地板鐵門1.prefab
  artifactKey: Guid(c1a6e06085ddb7d4297174f68fdd0b3d) Importer(815301076,1909f56bfc062723c751e8b465ee728b)
Start importing Assets/預置物/小物件/地板鐵門1.prefab using Guid(c1a6e06085ddb7d4297174f68fdd0b3d) Importer(815301076,1909f56bfc062723c751e8b465ee728b)  -> (artifact id: '4fc1dcc05effff3ba3791369c1edf395') in 0.028154 seconds 
========================================================================
Received Import Request.
  Time since last request: 0.000054 seconds.
  path: Assets/預置物/小物件/小柵欄.prefab
  artifactKey: Guid(2c726408b936da1498b2632bd5f86a78) Importer(815301076,1909f56bfc062723c751e8b465ee728b)
Start importing Assets/預置物/小物件/小柵欄.prefab using Guid(2c726408b936da1498b2632bd5f86a78) Importer(815301076,1909f56bfc062723c751e8b465ee728b)  -> (artifact id: 'd16e941b96cca6cb31e875be7af45ab3') in 0.029536 seconds 
========================================================================
Received Import Request.
  Time since last request: 9.513574 seconds.
  path: Assets/Decrepit Dungeon LITE/Prefabs/Pillars/Pillar_C.prefab
  artifactKey: Guid(5159352fcf0d4a04dad031cb9cd61793) Importer(815301076,1909f56bfc062723c751e8b465ee728b)
Start importing Assets/Decrepit Dungeon LITE/Prefabs/Pillars/Pillar_C.prefab using Guid(5159352fcf0d4a04dad031cb9cd61793) Importer(815301076,1909f56bfc062723c751e8b465ee728b)  -> (artifact id: '7b2ab5b0f82fe4555a747177a874bef4') in 0.038157 seconds 
========================================================================
Received Import Request.
  Time since last request: 0.000037 seconds.
  path: Assets/Decrepit Dungeon LITE/Prefabs/Pillars/Pillar_F.prefab
  artifactKey: Guid(8811c9285b2bf334fb3e80d71c9e001b) Importer(815301076,1909f56bfc062723c751e8b465ee728b)
Start importing Assets/Decrepit Dungeon LITE/Prefabs/Pillars/Pillar_F.prefab using Guid(8811c9285b2bf334fb3e80d71c9e001b) Importer(815301076,1909f56bfc062723c751e8b465ee728b)  -> (artifact id: '4998c3c693d7897c5034e2e331087298') in 0.030103 seconds 
========================================================================
Received Import Request.
  Time since last request: 0.452290 seconds.
  path: Assets/Decrepit Dungeon LITE/Prefabs/Props/Bucket.prefab
  artifactKey: Guid(ca7ff24101826a141b95bc27f8d49174) Importer(815301076,1909f56bfc062723c751e8b465ee728b)
Start importing Assets/Decrepit Dungeon LITE/Prefabs/Props/Bucket.prefab using Guid(ca7ff24101826a141b95bc27f8d49174) Importer(815301076,1909f56bfc062723c751e8b465ee728b)  -> (artifact id: 'e02e36323778c656bb4db6614c2899fc') in 0.030674 seconds 
========================================================================
Received Import Request.
  Time since last request: 0.000030 seconds.
  path: Assets/Decrepit Dungeon LITE/Prefabs/Props/Chain_A.prefab
  artifactKey: Guid(9245e26ad7c62d04b85159fbd3564c2c) Importer(815301076,1909f56bfc062723c751e8b465ee728b)
Start importing Assets/Decrepit Dungeon LITE/Prefabs/Props/Chain_A.prefab using Guid(9245e26ad7c62d04b85159fbd3564c2c) Importer(815301076,1909f56bfc062723c751e8b465ee728b)  -> (artifact id: 'd7c6e2933527fb7caa754db07ffbd42a') in 0.032820 seconds 
========================================================================
Received Import Request.
  Time since last request: 0.000029 seconds.
  path: Assets/Decrepit Dungeon LITE/Prefabs/Props/Candles.prefab
  artifactKey: Guid(9399e3d779d8660489d87c9559841721) Importer(815301076,1909f56bfc062723c751e8b465ee728b)
Start importing Assets/Decrepit Dungeon LITE/Prefabs/Props/Candles.prefab using Guid(9399e3d779d8660489d87c9559841721) Importer(815301076,1909f56bfc062723c751e8b465ee728b)  -> (artifact id: '4b549badda4d6aa653dc7af9ee82c49b') in 0.043117 seconds 
========================================================================
Received Import Request.
  Time since last request: 1.638334 seconds.
  path: Assets/Decrepit Dungeon LITE/Prefabs/Stairs/Stairs_C.prefab
  artifactKey: Guid(ad0f936da1b94df47a67bc558a9ccff0) Importer(815301076,1909f56bfc062723c751e8b465ee728b)
Start importing Assets/Decrepit Dungeon LITE/Prefabs/Stairs/Stairs_C.prefab using Guid(ad0f936da1b94df47a67bc558a9ccff0) Importer(815301076,1909f56bfc062723c751e8b465ee728b)  -> (artifact id: 'c0f577259e65bec5145c95fba6ee5ed0') in 0.031160 seconds 
========================================================================
Received Import Request.
  Time since last request: 0.000024 seconds.
  path: Assets/Decrepit Dungeon LITE/Prefabs/Stairs/Stairs_E.prefab
  artifactKey: Guid(5fafd51f70faff24c83b1fb395bd34ff) Importer(815301076,1909f56bfc062723c751e8b465ee728b)
Start importing Assets/Decrepit Dungeon LITE/Prefabs/Stairs/Stairs_E.prefab using Guid(5fafd51f70faff24c83b1fb395bd34ff) Importer(815301076,1909f56bfc062723c751e8b465ee728b)  -> (artifact id: '632ea8908e0c9ec9a9572f11c2fb96b1') in 0.042243 seconds 
========================================================================
Received Import Request.
  Time since last request: 41.695612 seconds.
  path: Assets/預置物/地板/地板C.prefab
  artifactKey: Guid(e65568ebe19771a4bb6998c44e9c58d5) Importer(815301076,1909f56bfc062723c751e8b465ee728b)
Start importing Assets/預置物/地板/地板C.prefab using Guid(e65568ebe19771a4bb6998c44e9c58d5) Importer(815301076,1909f56bfc062723c751e8b465ee728b)  -> (artifact id: '1ef4b6609ec433abbe3e8dd058d22d12') in 0.033415 seconds 
========================================================================
Received Import Request.
  Time since last request: 4.373375 seconds.
  path: Assets/預置物/地板/樓梯D.prefab
  artifactKey: Guid(a2c5dee972b621844ab85118733b05d3) Importer(815301076,1909f56bfc062723c751e8b465ee728b)
Start importing Assets/預置物/地板/樓梯D.prefab using Guid(a2c5dee972b621844ab85118733b05d3) Importer(815301076,1909f56bfc062723c751e8b465ee728b)  -> (artifact id: '97fa295c0ad3d424625296dab6374adb') in 0.029953 seconds 
========================================================================
Received Import Request.
  Time since last request: 0.000047 seconds.
  path: Assets/預置物/地板/樓梯F.prefab
  artifactKey: Guid(deb713d6bce3b16409189f926c0e5961) Importer(815301076,1909f56bfc062723c751e8b465ee728b)
Start importing Assets/預置物/地板/樓梯F.prefab using Guid(deb713d6bce3b16409189f926c0e5961) Importer(815301076,1909f56bfc062723c751e8b465ee728b)  -> (artifact id: 'd51e5ebc35f71d9e31131f89dd08d43f') in 0.025793 seconds 
========================================================================
Received Import Request.
  Time since last request: 5.568918 seconds.
  path: Assets/Decrepit Dungeon LITE/Prefabs/Walls/Roundabout_Continuation.prefab
  artifactKey: Guid(77764f3a8cc8f57439dedb2107f1a89b) Importer(815301076,1909f56bfc062723c751e8b465ee728b)
Start importing Assets/Decrepit Dungeon LITE/Prefabs/Walls/Roundabout_Continuation.prefab using Guid(77764f3a8cc8f57439dedb2107f1a89b) Importer(815301076,1909f56bfc062723c751e8b465ee728b)  -> (artifact id: '4fde7b81ff32974fa574c2ee87a9a6b5') in 0.023920 seconds 
========================================================================
Received Import Request.
  Time since last request: 0.000022 seconds.
  path: Assets/Decrepit Dungeon LITE/Prefabs/Walls/Wall_B_Roundabout.prefab
  artifactKey: Guid(ada1b397440f00841ad3806f33308774) Importer(815301076,1909f56bfc062723c751e8b465ee728b)
Start importing Assets/Decrepit Dungeon LITE/Prefabs/Walls/Wall_B_Roundabout.prefab using Guid(ada1b397440f00841ad3806f33308774) Importer(815301076,1909f56bfc062723c751e8b465ee728b)  -> (artifact id: 'f0c571bf753dd083c225ad2b25ad079f') in 0.035042 seconds 
========================================================================
Received Import Request.
  Time since last request: 0.000045 seconds.
  path: Assets/Decrepit Dungeon LITE/Prefabs/Walls/Wall_D.prefab
  artifactKey: Guid(62f525a5c612fb04d9041a1e55c345c4) Importer(815301076,1909f56bfc062723c751e8b465ee728b)
Start importing Assets/Decrepit Dungeon LITE/Prefabs/Walls/Wall_D.prefab using Guid(62f525a5c612fb04d9041a1e55c345c4) Importer(815301076,1909f56bfc062723c751e8b465ee728b)  -> (artifact id: 'd14ca4b91f31f1ffe0af3ea5f3a1bc4c') in 0.037990 seconds 
========================================================================
Received Import Request.
  Time since last request: 0.000016 seconds.
  path: Assets/Decrepit Dungeon LITE/Prefabs/Walls/Wall_A_Corner.prefab
  artifactKey: Guid(24579a71f306fa349abdad24a69e4d08) Importer(815301076,1909f56bfc062723c751e8b465ee728b)
Start importing Assets/Decrepit Dungeon LITE/Prefabs/Walls/Wall_A_Corner.prefab using Guid(24579a71f306fa349abdad24a69e4d08) Importer(815301076,1909f56bfc062723c751e8b465ee728b)  -> (artifact id: 'ad46c69744328bee56edbfaef9327740') in 0.022963 seconds 
========================================================================
Received Import Request.
  Time since last request: 0.000047 seconds.
  path: Assets/Decrepit Dungeon LITE/Prefabs/Walls/Sewer_Tunnel_A.prefab
  artifactKey: Guid(a264dce65e4ae004bbc6be99c68d94c2) Importer(815301076,1909f56bfc062723c751e8b465ee728b)
Start importing Assets/Decrepit Dungeon LITE/Prefabs/Walls/Sewer_Tunnel_A.prefab using Guid(a264dce65e4ae004bbc6be99c68d94c2) Importer(815301076,1909f56bfc062723c751e8b465ee728b)  -> (artifact id: '87d4f73124f55b5c7ebacb129cbcae8c') in 0.026853 seconds 
========================================================================
Received Import Request.
  Time since last request: 3.452730 seconds.
  path: Assets/預置物/牆壁/拱門C.prefab
  artifactKey: Guid(475ecbf7439e5094fab2050f6946a395) Importer(815301076,1909f56bfc062723c751e8b465ee728b)
Start importing Assets/預置物/牆壁/拱門C.prefab using Guid(475ecbf7439e5094fab2050f6946a395) Importer(815301076,1909f56bfc062723c751e8b465ee728b)  -> (artifact id: '8482d7864a7d0f2ff1e4cfd1810c050c') in 0.025911 seconds 
========================================================================
Received Import Request.
  Time since last request: 0.000023 seconds.
  path: Assets/預置物/牆壁/門牆A.prefab
  artifactKey: Guid(95492be7c3a97f04dbe0a40c1d2ab2dd) Importer(815301076,1909f56bfc062723c751e8b465ee728b)
Start importing Assets/預置物/牆壁/門牆A.prefab using Guid(95492be7c3a97f04dbe0a40c1d2ab2dd) Importer(815301076,1909f56bfc062723c751e8b465ee728b)  -> (artifact id: '4ef2715666478c2066b9af8ea972d355') in 0.022723 seconds 
========================================================================
Received Import Request.
  Time since last request: 0.000026 seconds.
  path: Assets/預置物/牆壁/柱子A.prefab
  artifactKey: Guid(d1f986302b656d3468984f08b7e14e50) Importer(815301076,1909f56bfc062723c751e8b465ee728b)
Start importing Assets/預置物/牆壁/柱子A.prefab using Guid(d1f986302b656d3468984f08b7e14e50) Importer(815301076,1909f56bfc062723c751e8b465ee728b)  -> (artifact id: '783e081b8de9eeae635781a41a0523a9') in 0.022919 seconds 
========================================================================
Received Import Request.
  Time since last request: 0.000025 seconds.
  path: Assets/預置物/牆壁/柱子B.prefab
  artifactKey: Guid(1751a8a3f5e62fd41aa191a93696dfc3) Importer(815301076,1909f56bfc062723c751e8b465ee728b)
Start importing Assets/預置物/牆壁/柱子B.prefab using Guid(1751a8a3f5e62fd41aa191a93696dfc3) Importer(815301076,1909f56bfc062723c751e8b465ee728b)  -> (artifact id: 'f0d93411c1ea53c26473299aa32ace06') in 0.029164 seconds 
========================================================================
Received Import Request.
  Time since last request: 0.000025 seconds.
  path: Assets/預置物/牆壁/門B.prefab
  artifactKey: Guid(2f8ac67d4ba5a4846a532b1a4d826373) Importer(815301076,1909f56bfc062723c751e8b465ee728b)
Start importing Assets/預置物/牆壁/門B.prefab using Guid(2f8ac67d4ba5a4846a532b1a4d826373) Importer(815301076,1909f56bfc062723c751e8b465ee728b)  -> (artifact id: 'a99f5f7b6db2f94b3b11174e49e85fd5') in 0.034953 seconds 
Editor requested this worker to shutdown with reason: Scaling down because of idle timeout
AssetImportWorker is now disconnected from the server
Process exiting
Exiting without the bug reporter. Application will terminate with return code 0