Using pre-set license
Built from '2021.3/staging' branch; Version is '2021.3.16f1 (4016570cf34f) revision 4200023'; Using compiler version '192829333'; Build Type 'Release'
OS: 'Windows 11  (10.0.22000) 64bit Core' Language: 'zh' Physical Memory: 8028 MB
BatchMode: 1, IsHumanControllingUs: 0, StartBugReporterOnCrash: 0, Is64bit: 1, IsPro: 1

COMMAND LINE ARGUMENTS:
D:\Unity2.0\2021.3.16f1\Editor\Unity.exe
-adb2
-batchMode
-noUpm
-name
AssetImportWorker3
-projectPath
D:/Unity/GitHub_save/Horror_Game_109051071/Horror_Game_109051071
-logFile
Logs/AssetImportWorker3.log
-srvPort
8591
Successfully changed project path to: D:/Unity/GitHub_save/Horror_Game_109051071/Horror_Game_109051071
D:/Unity/GitHub_save/Horror_Game_109051071/Horror_Game_109051071
[UnityMemory] Configuration Parameters - Can be set up in boot.config
    "memorysetup-bucket-allocator-granularity=16"
    "memorysetup-bucket-allocator-bucket-count=8"
    "memorysetup-bucket-allocator-block-size=33554432"
    "memorysetup-bucket-allocator-block-count=8"
    "memorysetup-main-allocator-block-size=16777216"
    "memorysetup-thread-allocator-block-size=16777216"
    "memorysetup-gfx-main-allocator-block-size=16777216"
    "memorysetup-gfx-thread-allocator-block-size=16777216"
    "memorysetup-cache-allocator-block-size=4194304"
    "memorysetup-typetree-allocator-block-size=2097152"
    "memorysetup-profiler-bucket-allocator-granularity=16"
    "memorysetup-profiler-bucket-allocator-bucket-count=8"
    "memorysetup-profiler-bucket-allocator-block-size=33554432"
    "memorysetup-profiler-bucket-allocator-block-count=8"
    "memorysetup-profiler-allocator-block-size=16777216"
    "memorysetup-profiler-editor-allocator-block-size=1048576"
    "memorysetup-temp-allocator-size-main=16777216"
    "memorysetup-job-temp-allocator-block-size=2097152"
    "memorysetup-job-temp-allocator-block-size-background=1048576"
    "memorysetup-job-temp-allocator-reduction-small-platforms=262144"
    "memorysetup-temp-allocator-size-background-worker=32768"
    "memorysetup-temp-allocator-size-job-worker=262144"
    "memorysetup-temp-allocator-size-preload-manager=33554432"
    "memorysetup-temp-allocator-size-nav-mesh-worker=65536"
    "memorysetup-temp-allocator-size-audio-worker=65536"
    "memorysetup-temp-allocator-size-cloud-worker=32768"
    "memorysetup-temp-allocator-size-gi-baking-worker=262144"
    "memorysetup-temp-allocator-size-gfx=262144"
Player connection [13680] Host "[IP] 192.168.20.119 [Port] 0 [Flags] 2 [Guid] 1150040937 [EditorId] 1150040937 [Version] 1048832 [Id] WindowsEditor(7,200722c25260855) [Debug] 1 [PackageName] WindowsEditor [ProjectName] Editor" joined multi-casting on [225.0.0.222:54997]...

Player connection [13680] Host "[IP] 192.168.20.119 [Port] 0 [Flags] 2 [Guid] 1150040937 [EditorId] 1150040937 [Version] 1048832 [Id] WindowsEditor(7,200722c25260855) [Debug] 1 [PackageName] WindowsEditor [ProjectName] Editor" joined alternative multi-casting on [225.0.0.222:34997]...

Refreshing native plugins compatible for Editor in 74.60 ms, found 3 plugins.
Preloading 0 native plugins for Editor in 0.00 ms.
Initialize engine version: 2021.3.16f1 (4016570cf34f)
[Subsystems] Discovering subsystems at path D:/Unity2.0/2021.3.16f1/Editor/Data/Resources/UnitySubsystems
[Subsystems] Discovering subsystems at path D:/Unity/GitHub_save/Horror_Game_109051071/Horror_Game_109051071/Assets
GfxDevice: creating device client; threaded=0; jobified=0
Direct3D:
    Version:  Direct3D 11.0 [level 11.1]
    Renderer: NVIDIA GeForce GTX 1650 Ti (ID=0x1f95)
    Vendor:   NVIDIA
    VRAM:     3962 MB
    Driver:   31.0.15.1691
Initialize mono
Mono path[0] = 'D:/Unity2.0/2021.3.16f1/Editor/Data/Managed'
Mono path[1] = 'D:/Unity2.0/2021.3.16f1/Editor/Data/MonoBleedingEdge/lib/mono/unityjit-win32'
Mono config path = 'D:/Unity2.0/2021.3.16f1/Editor/Data/MonoBleedingEdge/etc'
Using monoOptions --debugger-agent=transport=dt_socket,embedding=1,server=y,suspend=n,address=127.0.0.1:56652
Begin MonoManager ReloadAssembly
Registering precompiled unity dll's ...
Register platform support module: D:/Unity2.0/2021.3.16f1/Editor/Data/PlaybackEngines/WebGLSupport/UnityEditor.WebGL.Extensions.dll
Register platform support module: D:/Unity2.0/2021.3.16f1/Editor/Data/PlaybackEngines/WindowsStandaloneSupport/UnityEditor.WindowsStandalone.Extensions.dll
Registered in 0.002204 seconds.
Native extension for WindowsStandalone target not found
Native extension for WebGL target not found
Refreshing native plugins compatible for Editor in 75.08 ms, found 3 plugins.
Preloading 0 native plugins for Editor in 0.00 ms.
Mono: successfully reloaded assembly
- Completed reload, in  0.571 seconds
Domain Reload Profiling:
	ReloadAssembly (571ms)
		BeginReloadAssembly (75ms)
			ExecutionOrderSort (0ms)
			DisableScriptedObjects (0ms)
			BackupInstance (0ms)
			ReleaseScriptingObjects (0ms)
			CreateAndSetChildDomain (1ms)
		EndReloadAssembly (408ms)
			LoadAssemblies (75ms)
			RebuildTransferFunctionScriptingTraits (0ms)
			SetupTypeCache (100ms)
			ReleaseScriptCaches (0ms)
			RebuildScriptCaches (31ms)
			SetupLoadedEditorAssemblies (233ms)
				LogAssemblyErrors (0ms)
				InitializePlatformSupportModulesInManaged (8ms)
				SetLoadedEditorAssemblies (0ms)
				RefreshPlugins (75ms)
				BeforeProcessingInitializeOnLoad (1ms)
				ProcessInitializeOnLoadAttributes (110ms)
				ProcessInitializeOnLoadMethodAttributes (39ms)
				AfterProcessingInitializeOnLoad (0ms)
				EditorAssembliesLoaded (0ms)
			ExecutionOrderSort2 (0ms)
			AwakeInstancesAfterBackupRestoration (0ms)
Platform modules already initialized, skipping
Registering precompiled user dll's ...
Registered in 0.004840 seconds.
Begin MonoManager ReloadAssembly
Symbol file LoadedFromMemory doesn't match image D:\Unity\GitHub_save\Horror_Game_109051071\Horror_Game_109051071\Library\PackageCache\com.unity.visualscripting@1.7.8\Editor\VisualScripting.Core\Dependencies\YamlDotNet\Unity.VisualScripting.YamlDotNet.dll
Symbol file LoadedFromMemory doesn't match image D:\Unity\GitHub_save\Horror_Game_109051071\Horror_Game_109051071\Library\PackageCache\com.unity.visualscripting@1.7.8\Editor\VisualScripting.Core\Dependencies\DotNetZip\Unity.VisualScripting.IonicZip.dll
Native extension for WindowsStandalone target not found
Native extension for WebGL target not found
Refreshing native plugins compatible for Editor in 0.51 ms, found 3 plugins.
Preloading 0 native plugins for Editor in 0.00 ms.
Mono: successfully reloaded assembly
- Completed reload, in  0.912 seconds
Domain Reload Profiling:
	ReloadAssembly (913ms)
		BeginReloadAssembly (116ms)
			ExecutionOrderSort (0ms)
			DisableScriptedObjects (5ms)
			BackupInstance (0ms)
			ReleaseScriptingObjects (0ms)
			CreateAndSetChildDomain (16ms)
		EndReloadAssembly (703ms)
			LoadAssemblies (103ms)
			RebuildTransferFunctionScriptingTraits (0ms)
			SetupTypeCache (241ms)
			ReleaseScriptCaches (1ms)
			RebuildScriptCaches (42ms)
			SetupLoadedEditorAssemblies (303ms)
				LogAssemblyErrors (0ms)
				InitializePlatformSupportModulesInManaged (4ms)
				SetLoadedEditorAssemblies (0ms)
				RefreshPlugins (1ms)
				BeforeProcessingInitializeOnLoad (68ms)
				ProcessInitializeOnLoadAttributes (203ms)
				ProcessInitializeOnLoadMethodAttributes (24ms)
				AfterProcessingInitializeOnLoad (3ms)
				EditorAssembliesLoaded (0ms)
			ExecutionOrderSort2 (0ms)
			AwakeInstancesAfterBackupRestoration (10ms)
Platform modules already initialized, skipping
========================================================================
Worker process is ready to serve import requests
Launched and connected shader compiler UnityShaderCompiler.exe after 0.04 seconds
Refreshing native plugins compatible for Editor in 0.61 ms, found 3 plugins.
Preloading 0 native plugins for Editor in 0.00 ms.
Unloading 3362 Unused Serialized files (Serialized files now loaded: 0)
Unloading 27 unused Assets / (113.5 KB). Loaded Objects now: 3822.
Memory consumption went from 116.5 MB to 116.3 MB.
Total: 3.516400 ms (FindLiveObjects: 0.256300 ms CreateObjectMapping: 0.163100 ms MarkObjects: 3.007000 ms  DeleteObjects: 0.089300 ms)

AssetImportParameters requested are different than current active one (requested -> active):
  custom:video-decoder-ogg-theora: a1e56fd34408186e4bbccfd4996cb3dc -> 
  custom:container-muxer-webm: aa71ff27fc2769a1b78a27578f13a17b -> 
  custom:container-demuxer-webm: 4f35f7cbe854078d1ac9338744f61a02 -> 
  custom:video-encoder-webm-vp8: eb34c28f22e8b96e1ab97ce403110664 -> 
  custom:video-codec-MediaFoundation-h265: 746d11721c4dcdbdad8f713fa42b33f4 -> 
  custom:audio-encoder-webm-vorbis: bf7c407c2cedff20999df2af8eb42d56 -> 
  custom:framework-win-MediaFoundation: 216162199b28c13a410421893ffa2e32 -> 
  custom:container-demuxer-ogg: 62fdf1f143b41e24485cea50d1cbac27 -> 
  custom:video-decoder-webm-vp8: 9c59270c3fd7afecdb556c50c9e8de78 -> 
  custom:audio-decoder-ogg-vorbis: bf7c407c2cedff20999df2af8eb42d56 -> 
========================================================================
Received Import Request.
  Time since last request: 48387.487938 seconds.
  path: Assets/預置物/污漬B.prefab
  artifactKey: Guid(3d3ccc9358a78d640965e1da3c29deb6) Importer(815301076,1909f56bfc062723c751e8b465ee728b)
Start importing Assets/預置物/污漬B.prefab using Guid(3d3ccc9358a78d640965e1da3c29deb6) Importer(815301076,1909f56bfc062723c751e8b465ee728b)  -> (artifact id: '1b79dd3115d66b488d3930dc3d054786') in 0.202999 seconds 
========================================================================
Received Import Request.
  Time since last request: 0.000115 seconds.
  path: Assets/預置物/污漬H.prefab
  artifactKey: Guid(f43dcf2f689e82c4dad97a140e7426b7) Importer(815301076,1909f56bfc062723c751e8b465ee728b)
Start importing Assets/預置物/污漬H.prefab using Guid(f43dcf2f689e82c4dad97a140e7426b7) Importer(815301076,1909f56bfc062723c751e8b465ee728b)  -> (artifact id: '32dd886a7b5208f1d54476e379521edb') in 0.030721 seconds 
========================================================================
Received Import Request.
  Time since last request: 9.797363 seconds.
  path: Assets/Decrepit Dungeon LITE/Prefabs/Doors/Door_C.prefab
  artifactKey: Guid(b0e0e89eed1bb7f4982f8a6092a384b6) Importer(815301076,1909f56bfc062723c751e8b465ee728b)
Start importing Assets/Decrepit Dungeon LITE/Prefabs/Doors/Door_C.prefab using Guid(b0e0e89eed1bb7f4982f8a6092a384b6) Importer(815301076,1909f56bfc062723c751e8b465ee728b)  -> (artifact id: 'd2a48363e0ee7080f9bb99a4ac639cb0') in 0.030235 seconds 
========================================================================
Received Import Request.
  Time since last request: 41.885748 seconds.
  path: Assets/預置物/門D.prefab
  artifactKey: Guid(ba3935bfcd98199458c83a249c3bd3d7) Importer(815301076,1909f56bfc062723c751e8b465ee728b)
Start importing Assets/預置物/門D.prefab using Guid(ba3935bfcd98199458c83a249c3bd3d7) Importer(815301076,1909f56bfc062723c751e8b465ee728b)  -> (artifact id: '25771c732cdb46565eaff7ee0736c7f6') in 0.034630 seconds 
========================================================================
Received Import Request.
  Time since last request: 3.276443 seconds.
  path: Assets/Decrepit Dungeon LITE/Prefabs/Doorways/Doorway_C.prefab
  artifactKey: Guid(3faf544bbf9cefb4da44238798338db2) Importer(815301076,1909f56bfc062723c751e8b465ee728b)
Start importing Assets/Decrepit Dungeon LITE/Prefabs/Doorways/Doorway_C.prefab using Guid(3faf544bbf9cefb4da44238798338db2) Importer(815301076,1909f56bfc062723c751e8b465ee728b)  -> (artifact id: 'e1548fea584b3f074e632d76b5a936f0') in 0.040727 seconds 
========================================================================
Received Import Request.
  Time since last request: 54.027950 seconds.
  path: Assets/預置物/門牆C.prefab
  artifactKey: Guid(20fd78c1e860d1d45817c6a00f292578) Importer(815301076,1909f56bfc062723c751e8b465ee728b)
Start importing Assets/預置物/門牆C.prefab using Guid(20fd78c1e860d1d45817c6a00f292578) Importer(815301076,1909f56bfc062723c751e8b465ee728b)  -> (artifact id: '32e79fb2016463d867260bcbba0a3da2') in 0.045567 seconds 
========================================================================
Received Import Request.
  Time since last request: 21.378474 seconds.
  path: Assets/Decrepit Dungeon LITE/Prefabs/Floors/Floor_C.prefab
  artifactKey: Guid(f5507bdcafa59ee4796ef124f9fa7d3c) Importer(815301076,1909f56bfc062723c751e8b465ee728b)
Start importing Assets/Decrepit Dungeon LITE/Prefabs/Floors/Floor_C.prefab using Guid(f5507bdcafa59ee4796ef124f9fa7d3c) Importer(815301076,1909f56bfc062723c751e8b465ee728b)  -> (artifact id: '98ea983bfc6baa9119aafbafb3b80f1b') in 0.023699 seconds 
========================================================================
Received Import Request.
  Time since last request: 33.651474 seconds.
  path: Assets/Decrepit Dungeon LITE/Prefabs/Pillars/Pillar_C.prefab
  artifactKey: Guid(5159352fcf0d4a04dad031cb9cd61793) Importer(815301076,1909f56bfc062723c751e8b465ee728b)
Start importing Assets/Decrepit Dungeon LITE/Prefabs/Pillars/Pillar_C.prefab using Guid(5159352fcf0d4a04dad031cb9cd61793) Importer(815301076,1909f56bfc062723c751e8b465ee728b)  -> (artifact id: '4bc01a568724b53135b0e8cac9996481') in 0.021820 seconds 
========================================================================
Received Import Request.
  Time since last request: 0.000026 seconds.
  path: Assets/Decrepit Dungeon LITE/Prefabs/Pillars/Pillar_E.prefab
  artifactKey: Guid(4940b4037a83a2b4f8dcadb786f1833d) Importer(815301076,1909f56bfc062723c751e8b465ee728b)
Start importing Assets/Decrepit Dungeon LITE/Prefabs/Pillars/Pillar_E.prefab using Guid(4940b4037a83a2b4f8dcadb786f1833d) Importer(815301076,1909f56bfc062723c751e8b465ee728b)  -> (artifact id: 'f15eb3b6831adb79a8575a7f8dc717d8') in 0.034693 seconds 
========================================================================
Received Import Request.
  Time since last request: 39.896972 seconds.
  path: Assets/預置物/柱子D.prefab
  artifactKey: Guid(67a8571036642b54face2f180a733995) Importer(815301076,1909f56bfc062723c751e8b465ee728b)
Start importing Assets/預置物/柱子D.prefab using Guid(67a8571036642b54face2f180a733995) Importer(815301076,1909f56bfc062723c751e8b465ee728b)  -> (artifact id: '7cc927ef7aa61feefb6cca46710dd0ad') in 0.028022 seconds 
========================================================================
Received Import Request.
  Time since last request: 0.000027 seconds.
  path: Assets/預置物/柱子F.prefab
  artifactKey: Guid(98e2d45013084ca4fb02dd478c126aab) Importer(815301076,1909f56bfc062723c751e8b465ee728b)
Start importing Assets/預置物/柱子F.prefab using Guid(98e2d45013084ca4fb02dd478c126aab) Importer(815301076,1909f56bfc062723c751e8b465ee728b)  -> (artifact id: '8eb4557e29df5ac3d98f053c5331f909') in 0.029719 seconds 
========================================================================
Received Import Request.
  Time since last request: 4.417030 seconds.
  path: Assets/Decrepit Dungeon LITE/Prefabs/Props/Bucket.prefab
  artifactKey: Guid(ca7ff24101826a141b95bc27f8d49174) Importer(815301076,1909f56bfc062723c751e8b465ee728b)
Start importing Assets/Decrepit Dungeon LITE/Prefabs/Props/Bucket.prefab using Guid(ca7ff24101826a141b95bc27f8d49174) Importer(815301076,1909f56bfc062723c751e8b465ee728b)  -> (artifact id: '5f6fcc3b5ad1acd3c7f4740be705f7e4') in 0.046957 seconds 
========================================================================
Received Import Request.
  Time since last request: 0.000020 seconds.
  path: Assets/Decrepit Dungeon LITE/Prefabs/Props/Table_A.prefab
  artifactKey: Guid(455e91ef9a68edd4ca1a9bba2ffccad8) Importer(815301076,1909f56bfc062723c751e8b465ee728b)
Start importing Assets/Decrepit Dungeon LITE/Prefabs/Props/Table_A.prefab using Guid(455e91ef9a68edd4ca1a9bba2ffccad8) Importer(815301076,1909f56bfc062723c751e8b465ee728b)  -> (artifact id: '8155fce2091cf08d2763fa821a1faf66') in 0.025896 seconds 
========================================================================
Received Import Request.
  Time since last request: 0.000046 seconds.
  path: Assets/Decrepit Dungeon LITE/Prefabs/Props/Hanging_Cage.prefab
  artifactKey: Guid(443b16cc2c749c1449edeccb23f05576) Importer(815301076,1909f56bfc062723c751e8b465ee728b)
Start importing Assets/Decrepit Dungeon LITE/Prefabs/Props/Hanging_Cage.prefab using Guid(443b16cc2c749c1449edeccb23f05576) Importer(815301076,1909f56bfc062723c751e8b465ee728b)  -> (artifact id: '4cc44f036b619f085c6df61cf67cabee') in 0.040368 seconds 
========================================================================
Received Import Request.
  Time since last request: 0.000073 seconds.
  path: Assets/Decrepit Dungeon LITE/Prefabs/Props/Chain_A.prefab
  artifactKey: Guid(9245e26ad7c62d04b85159fbd3564c2c) Importer(815301076,1909f56bfc062723c751e8b465ee728b)
Start importing Assets/Decrepit Dungeon LITE/Prefabs/Props/Chain_A.prefab using Guid(9245e26ad7c62d04b85159fbd3564c2c) Importer(815301076,1909f56bfc062723c751e8b465ee728b)  -> (artifact id: '5f1915c29cd0030fd1331bde7cbf812f') in 0.036858 seconds 
========================================================================
Received Import Request.
  Time since last request: 0.000057 seconds.
  path: Assets/Decrepit Dungeon LITE/Prefabs/Props/Crate_C.prefab
  artifactKey: Guid(e9304edb27ba2474ca3a050aa5bc741b) Importer(815301076,1909f56bfc062723c751e8b465ee728b)
Start importing Assets/Decrepit Dungeon LITE/Prefabs/Props/Crate_C.prefab using Guid(e9304edb27ba2474ca3a050aa5bc741b) Importer(815301076,1909f56bfc062723c751e8b465ee728b)  -> (artifact id: 'd27c0c9d38c9dfc1427d6dbdfee44b63') in 0.037785 seconds 
========================================================================
Received Import Request.
  Time since last request: 0.000016 seconds.
  path: Assets/Decrepit Dungeon LITE/Prefabs/Props/Floor_Cage.prefab
  artifactKey: Guid(08e1ecba9be6e5b418edf1bf869b4e00) Importer(815301076,1909f56bfc062723c751e8b465ee728b)
Start importing Assets/Decrepit Dungeon LITE/Prefabs/Props/Floor_Cage.prefab using Guid(08e1ecba9be6e5b418edf1bf869b4e00) Importer(815301076,1909f56bfc062723c751e8b465ee728b)  -> (artifact id: '9bfa2e2f0a0b06d7c9ce9e56a91f2c02') in 0.033462 seconds 
========================================================================
Received Import Request.
  Time since last request: 0.000019 seconds.
  path: Assets/Decrepit Dungeon LITE/Prefabs/Props/Dungeon_Key_Set.prefab
  artifactKey: Guid(85c5775d75be5dc4396c136e3f6fe201) Importer(815301076,1909f56bfc062723c751e8b465ee728b)
Start importing Assets/Decrepit Dungeon LITE/Prefabs/Props/Dungeon_Key_Set.prefab using Guid(85c5775d75be5dc4396c136e3f6fe201) Importer(815301076,1909f56bfc062723c751e8b465ee728b)  -> (artifact id: '10013a1b993a6e0740847ba8819a9ca6') in 0.023868 seconds 
========================================================================
Received Import Request.
  Time since last request: 0.000025 seconds.
  path: Assets/Decrepit Dungeon LITE/Prefabs/Props/Candles.prefab
  artifactKey: Guid(9399e3d779d8660489d87c9559841721) Importer(815301076,1909f56bfc062723c751e8b465ee728b)
Start importing Assets/Decrepit Dungeon LITE/Prefabs/Props/Candles.prefab using Guid(9399e3d779d8660489d87c9559841721) Importer(815301076,1909f56bfc062723c751e8b465ee728b)  -> (artifact id: '3122962b27e0ad0e38723753846cceff') in 0.080498 seconds 
========================================================================
Received Import Request.
  Time since last request: 202.449302 seconds.
  path: Assets/Decrepit Dungeon LITE/Prefabs/Props/Crate_B.prefab
  artifactKey: Guid(fb9146713e012044a9861dc471edd4ee) Importer(815301076,1909f56bfc062723c751e8b465ee728b)
Start importing Assets/Decrepit Dungeon LITE/Prefabs/Props/Crate_B.prefab using Guid(fb9146713e012044a9861dc471edd4ee) Importer(815301076,1909f56bfc062723c751e8b465ee728b)  -> (artifact id: '57a54c8cbdeee2ce7771ecd81864ab85') in 0.042667 seconds 
========================================================================
Received Import Request.
  Time since last request: 0.000041 seconds.
  path: Assets/Decrepit Dungeon LITE/Prefabs/Props/Stool_A.prefab
  artifactKey: Guid(99eb208358f64d247b2294b674f35fd7) Importer(815301076,1909f56bfc062723c751e8b465ee728b)
Start importing Assets/Decrepit Dungeon LITE/Prefabs/Props/Stool_A.prefab using Guid(99eb208358f64d247b2294b674f35fd7) Importer(815301076,1909f56bfc062723c751e8b465ee728b)  -> (artifact id: 'ab603ca24810ae315ae539544535eea2') in 0.036557 seconds 
========================================================================
Received Import Request.
  Time since last request: 0.000091 seconds.
  path: Assets/Decrepit Dungeon LITE/Prefabs/Props/Tunnel_Grate.prefab
  artifactKey: Guid(257faedffa691514790c7fffb4046c40) Importer(815301076,1909f56bfc062723c751e8b465ee728b)
Start importing Assets/Decrepit Dungeon LITE/Prefabs/Props/Tunnel_Grate.prefab using Guid(257faedffa691514790c7fffb4046c40) Importer(815301076,1909f56bfc062723c751e8b465ee728b)  -> (artifact id: '84a4d7548b208fed32a445bba3fc54ae') in 0.025142 seconds 
========================================================================
Received Import Request.
  Time since last request: 0.000041 seconds.
  path: Assets/Decrepit Dungeon LITE/Prefabs/Props/Ladder.prefab
  artifactKey: Guid(7bade91c709d500478a3cdaa697994d7) Importer(815301076,1909f56bfc062723c751e8b465ee728b)
Start importing Assets/Decrepit Dungeon LITE/Prefabs/Props/Ladder.prefab using Guid(7bade91c709d500478a3cdaa697994d7) Importer(815301076,1909f56bfc062723c751e8b465ee728b)  -> (artifact id: 'b61072e1beeb8abd8eb17b614c295b75') in 0.025301 seconds 
========================================================================
Received Import Request.
  Time since last request: 0.000078 seconds.
  path: Assets/Decrepit Dungeon LITE/Prefabs/Props/Torch.prefab
  artifactKey: Guid(731670d05affd0045a25600d2045889f) Importer(815301076,1909f56bfc062723c751e8b465ee728b)
Start importing Assets/Decrepit Dungeon LITE/Prefabs/Props/Torch.prefab using Guid(731670d05affd0045a25600d2045889f) Importer(815301076,1909f56bfc062723c751e8b465ee728b)  -> (artifact id: '35c5a95371fdaadee5204cf2d4dd0ada') in 0.026624 seconds 
========================================================================
Received Import Request.
  Time since last request: 0.000028 seconds.
  path: Assets/Decrepit Dungeon LITE/Prefabs/Props/Dungeon_Key_Set.prefab
  artifactKey: Guid(85c5775d75be5dc4396c136e3f6fe201) Importer(815301076,1909f56bfc062723c751e8b465ee728b)
Start importing Assets/Decrepit Dungeon LITE/Prefabs/Props/Dungeon_Key_Set.prefab using Guid(85c5775d75be5dc4396c136e3f6fe201) Importer(815301076,1909f56bfc062723c751e8b465ee728b)  -> (artifact id: 'a1e9d6df40617a6bdb17086071fc13f9') in 0.021105 seconds 
========================================================================
Received Import Request.
  Time since last request: 0.000020 seconds.
  path: Assets/Decrepit Dungeon LITE/Prefabs/Props/Table_B.prefab
  artifactKey: Guid(4a90ae8b8179ff54e8f81ca11ea0252f) Importer(815301076,1909f56bfc062723c751e8b465ee728b)
Start importing Assets/Decrepit Dungeon LITE/Prefabs/Props/Table_B.prefab using Guid(4a90ae8b8179ff54e8f81ca11ea0252f) Importer(815301076,1909f56bfc062723c751e8b465ee728b)  -> (artifact id: '28f1bc6f796f0ac1c7f1602935062caf') in 0.027370 seconds 
========================================================================
Received Import Request.
  Time since last request: 0.000024 seconds.
  path: Assets/Decrepit Dungeon LITE/Prefabs/Props/Table_A.prefab
  artifactKey: Guid(455e91ef9a68edd4ca1a9bba2ffccad8) Importer(815301076,1909f56bfc062723c751e8b465ee728b)
Start importing Assets/Decrepit Dungeon LITE/Prefabs/Props/Table_A.prefab using Guid(455e91ef9a68edd4ca1a9bba2ffccad8) Importer(815301076,1909f56bfc062723c751e8b465ee728b)  -> (artifact id: '1ccb7db1327ebe0268d9c3abd95e5b49') in 0.024133 seconds 
========================================================================
Received Import Request.
  Time since last request: 496.181985 seconds.
  path: Assets/預置物/小物件/鑰匙串.prefab
  artifactKey: Guid(c4f05ce460e69e348832703bb0efd581) Importer(815301076,1909f56bfc062723c751e8b465ee728b)
Start importing Assets/預置物/小物件/鑰匙串.prefab using Guid(c4f05ce460e69e348832703bb0efd581) Importer(815301076,1909f56bfc062723c751e8b465ee728b)  -> (artifact id: '90d433bf8bc7f5497211e8b38100bbb0') in 0.034748 seconds 
========================================================================
Received Import Request.
  Time since last request: 0.000027 seconds.
  path: Assets/預置物/小物件/木箱A.prefab
  artifactKey: Guid(e8b605a776eaba64ab20b9d6722d948d) Importer(815301076,1909f56bfc062723c751e8b465ee728b)
Start importing Assets/預置物/小物件/木箱A.prefab using Guid(e8b605a776eaba64ab20b9d6722d948d) Importer(815301076,1909f56bfc062723c751e8b465ee728b)  -> (artifact id: 'd6edb9dd4beafc5fa0c7b5df6c400c91') in 0.040003 seconds 
========================================================================
Received Import Request.
  Time since last request: 0.000051 seconds.
  path: Assets/預置物/小物件/鎖鏈C.prefab
  artifactKey: Guid(89754d16719d4a741bce6034d78d5e3a) Importer(815301076,1909f56bfc062723c751e8b465ee728b)
Start importing Assets/預置物/小物件/鎖鏈C.prefab using Guid(89754d16719d4a741bce6034d78d5e3a) Importer(815301076,1909f56bfc062723c751e8b465ee728b)  -> (artifact id: 'b4ce2d2aaa33c74e4bfc44766033efe2') in 0.036323 seconds 
========================================================================
Received Import Request.
  Time since last request: 0.000046 seconds.
  path: Assets/預置物/小物件/鎖鏈D.prefab
  artifactKey: Guid(eece4aca4eb6fe544b6a4a2803480870) Importer(815301076,1909f56bfc062723c751e8b465ee728b)
Start importing Assets/預置物/小物件/鎖鏈D.prefab using Guid(eece4aca4eb6fe544b6a4a2803480870) Importer(815301076,1909f56bfc062723c751e8b465ee728b)  -> (artifact id: '628950a40f74f921f3ca0302086bb664') in 0.042352 seconds 
========================================================================
Received Import Request.
  Time since last request: 0.000029 seconds.
  path: Assets/預置物/小物件/梯子.prefab
  artifactKey: Guid(a89ddfd6bee5cf54593ae314b998964a) Importer(815301076,1909f56bfc062723c751e8b465ee728b)
Start importing Assets/預置物/小物件/梯子.prefab using Guid(a89ddfd6bee5cf54593ae314b998964a) Importer(815301076,1909f56bfc062723c751e8b465ee728b)  -> (artifact id: '3b025b6998a7e70435bfac6e629f995b') in 0.028714 seconds 
========================================================================
Received Import Request.
  Time since last request: 0.000067 seconds.
  path: Assets/預置物/小物件/蠟燭.prefab
  artifactKey: Guid(9409a9ef1bfb0184ab3eda23b892cf99) Importer(815301076,1909f56bfc062723c751e8b465ee728b)
Start importing Assets/預置物/小物件/蠟燭.prefab using Guid(9409a9ef1bfb0184ab3eda23b892cf99) Importer(815301076,1909f56bfc062723c751e8b465ee728b)  -> (artifact id: 'fc5751d6ed17e62892c595416f10922f') in 0.034513 seconds 
========================================================================
Received Import Request.
  Time since last request: 0.000074 seconds.
  path: Assets/預置物/小物件/鐵籠地板.prefab
  artifactKey: Guid(5afe69849d6df2b448c2686fe222c3aa) Importer(815301076,1909f56bfc062723c751e8b465ee728b)
Start importing Assets/預置物/小物件/鐵籠地板.prefab using Guid(5afe69849d6df2b448c2686fe222c3aa) Importer(815301076,1909f56bfc062723c751e8b465ee728b)  -> (artifact id: '71b876f22cd1865d7ef81004ff0ba0b5') in 0.027557 seconds 
========================================================================
Received Import Request.
  Time since last request: 0.000100 seconds.
  path: Assets/預置物/小物件/火把.prefab
  artifactKey: Guid(5a5692dd8efa51b4a80c869c793dd099) Importer(815301076,1909f56bfc062723c751e8b465ee728b)
Start importing Assets/預置物/小物件/火把.prefab using Guid(5a5692dd8efa51b4a80c869c793dd099) Importer(815301076,1909f56bfc062723c751e8b465ee728b)  -> (artifact id: '48cec4f25dfc413132cbb29cc7e29b98') in 0.032323 seconds 
========================================================================
Received Import Request.
  Time since last request: 0.000032 seconds.
  path: Assets/預置物/小物件/石椅.prefab
  artifactKey: Guid(7c62f163c2fb1a84fa01712fd7ca1b14) Importer(815301076,1909f56bfc062723c751e8b465ee728b)
Start importing Assets/預置物/小物件/石椅.prefab using Guid(7c62f163c2fb1a84fa01712fd7ca1b14) Importer(815301076,1909f56bfc062723c751e8b465ee728b)  -> (artifact id: '3161b46fddaf6f5a2a432577976f9206') in 0.032519 seconds 
========================================================================
Received Import Request.
  Time since last request: 0.000036 seconds.
  path: Assets/預置物/小物件/鎖鏈A.prefab
  artifactKey: Guid(40a4f6dbf65bcf04aa2d133bdd5a5f2a) Importer(815301076,1909f56bfc062723c751e8b465ee728b)
Start importing Assets/預置物/小物件/鎖鏈A.prefab using Guid(40a4f6dbf65bcf04aa2d133bdd5a5f2a) Importer(815301076,1909f56bfc062723c751e8b465ee728b)  -> (artifact id: '4798c055b42dc277856112df5364e55f') in 0.024379 seconds 
========================================================================
Received Import Request.
  Time since last request: 0.000021 seconds.
  path: Assets/預置物/小物件/鎖鏈B.prefab
  artifactKey: Guid(1d85ab45e6906c049bf2ab2f4b4f3bfb) Importer(815301076,1909f56bfc062723c751e8b465ee728b)
Start importing Assets/預置物/小物件/鎖鏈B.prefab using Guid(1d85ab45e6906c049bf2ab2f4b4f3bfb) Importer(815301076,1909f56bfc062723c751e8b465ee728b)  -> (artifact id: '5046c8b8ea7b63a02dadfcc0ef7a07ea') in 0.028045 seconds 
========================================================================
Received Import Request.
  Time since last request: 3.883244 seconds.
  path: Assets/預置物/小物件/木桌B.prefab
  artifactKey: Guid(23b3046ab54f1514fa556009756a3adb) Importer(815301076,1909f56bfc062723c751e8b465ee728b)
Start importing Assets/預置物/小物件/木桌B.prefab using Guid(23b3046ab54f1514fa556009756a3adb) Importer(815301076,1909f56bfc062723c751e8b465ee728b)  -> (artifact id: '33316123a6d568556fda46f78b68f449') in 0.021327 seconds 
========================================================================
Received Import Request.
  Time since last request: 0.000020 seconds.
  path: Assets/預置物/小物件/木桶.prefab
  artifactKey: Guid(409f9784229828b4ab4338a75244c402) Importer(815301076,1909f56bfc062723c751e8b465ee728b)
Start importing Assets/預置物/小物件/木桶.prefab using Guid(409f9784229828b4ab4338a75244c402) Importer(815301076,1909f56bfc062723c751e8b465ee728b)  -> (artifact id: 'dd066f53d9c28c8aa07fe58626622af5') in 0.045432 seconds 
========================================================================
Received Import Request.
  Time since last request: 0.000033 seconds.
  path: Assets/預置物/小物件/地板鐵門2.prefab
  artifactKey: Guid(d392fbbb9d81c354c95e1cfccc1dc339) Importer(815301076,1909f56bfc062723c751e8b465ee728b)
Start importing Assets/預置物/小物件/地板鐵門2.prefab using Guid(d392fbbb9d81c354c95e1cfccc1dc339) Importer(815301076,1909f56bfc062723c751e8b465ee728b)  -> (artifact id: '373f7888a5377dd0a0a36c2f3da1d178') in 0.027318 seconds 
========================================================================
Received Import Request.
  Time since last request: 0.000063 seconds.
  path: Assets/預置物/小物件/小柵欄損毀.prefab
  artifactKey: Guid(067ee35570371f64f84c813ef6ac6dd8) Importer(815301076,1909f56bfc062723c751e8b465ee728b)
Start importing Assets/預置物/小物件/小柵欄損毀.prefab using Guid(067ee35570371f64f84c813ef6ac6dd8) Importer(815301076,1909f56bfc062723c751e8b465ee728b)  -> (artifact id: 'e6877046a6a7acc1cb3741c1e2c4ebe1') in 0.026100 seconds 
========================================================================
Received Import Request.
  Time since last request: 9.502035 seconds.
  path: Assets/Decrepit Dungeon LITE/Prefabs/Pillars/Pillar_B.prefab
  artifactKey: Guid(53746ac7859e04242b72e4c4599eb06c) Importer(815301076,1909f56bfc062723c751e8b465ee728b)
Start importing Assets/Decrepit Dungeon LITE/Prefabs/Pillars/Pillar_B.prefab using Guid(53746ac7859e04242b72e4c4599eb06c) Importer(815301076,1909f56bfc062723c751e8b465ee728b)  -> (artifact id: 'dbfa6f5b61e9d16a22777afe0e865e83') in 0.038610 seconds 
========================================================================
Received Import Request.
  Time since last request: 0.000033 seconds.
  path: Assets/Decrepit Dungeon LITE/Prefabs/Pillars/Pillar_E.prefab
  artifactKey: Guid(4940b4037a83a2b4f8dcadb786f1833d) Importer(815301076,1909f56bfc062723c751e8b465ee728b)
Start importing Assets/Decrepit Dungeon LITE/Prefabs/Pillars/Pillar_E.prefab using Guid(4940b4037a83a2b4f8dcadb786f1833d) Importer(815301076,1909f56bfc062723c751e8b465ee728b)  -> (artifact id: 'c938d656d358b9e9cdeefde667b3571d') in 0.028982 seconds 
========================================================================
Received Import Request.
  Time since last request: 0.450562 seconds.
  path: Assets/Decrepit Dungeon LITE/Prefabs/Props/Barrel.prefab
  artifactKey: Guid(36f258ea05b6e8644ae91a5b98eba017) Importer(815301076,1909f56bfc062723c751e8b465ee728b)
Start importing Assets/Decrepit Dungeon LITE/Prefabs/Props/Barrel.prefab using Guid(36f258ea05b6e8644ae91a5b98eba017) Importer(815301076,1909f56bfc062723c751e8b465ee728b)  -> (artifact id: 'afce66feba915d1adde5d59dce89aa53') in 0.032915 seconds 
========================================================================
Received Import Request.
  Time since last request: 0.000064 seconds.
  path: Assets/Decrepit Dungeon LITE/Prefabs/Props/Cell_Seat.prefab
  artifactKey: Guid(174108d41170dfe4b99e461fa4207ec1) Importer(815301076,1909f56bfc062723c751e8b465ee728b)
Start importing Assets/Decrepit Dungeon LITE/Prefabs/Props/Cell_Seat.prefab using Guid(174108d41170dfe4b99e461fa4207ec1) Importer(815301076,1909f56bfc062723c751e8b465ee728b)  -> (artifact id: 'd597f9b4ffd0f0471d7c02a04896dec7') in 0.029648 seconds 
========================================================================
Received Import Request.
  Time since last request: 0.000037 seconds.
  path: Assets/Decrepit Dungeon LITE/Prefabs/Props/Chain_E.prefab
  artifactKey: Guid(4715386e7afed1345a57603db6aace5c) Importer(815301076,1909f56bfc062723c751e8b465ee728b)
Start importing Assets/Decrepit Dungeon LITE/Prefabs/Props/Chain_E.prefab using Guid(4715386e7afed1345a57603db6aace5c) Importer(815301076,1909f56bfc062723c751e8b465ee728b)  -> (artifact id: '39b3807d874db454883255223461e88a') in 0.032242 seconds 
========================================================================
Received Import Request.
  Time since last request: 0.000031 seconds.
  path: Assets/Decrepit Dungeon LITE/Prefabs/Props/Chain_D.prefab
  artifactKey: Guid(065afdc0580dbbe498b318b35d182112) Importer(815301076,1909f56bfc062723c751e8b465ee728b)
Start importing Assets/Decrepit Dungeon LITE/Prefabs/Props/Chain_D.prefab using Guid(065afdc0580dbbe498b318b35d182112) Importer(815301076,1909f56bfc062723c751e8b465ee728b)  -> (artifact id: 'c3a15481737c93089a2e9f8f8be51dc2') in 0.022319 seconds 
========================================================================
Received Import Request.
  Time since last request: 1.617058 seconds.
  path: Assets/Decrepit Dungeon LITE/Prefabs/Stairs/Stairs_B.prefab
  artifactKey: Guid(34af40ea0a9739c4abbf145cd8d8ec19) Importer(815301076,1909f56bfc062723c751e8b465ee728b)
Start importing Assets/Decrepit Dungeon LITE/Prefabs/Stairs/Stairs_B.prefab using Guid(34af40ea0a9739c4abbf145cd8d8ec19) Importer(815301076,1909f56bfc062723c751e8b465ee728b)  -> (artifact id: 'bfff8daed6f6ca7568ab28d88cc55927') in 0.031950 seconds 
========================================================================
Received Import Request.
  Time since last request: 0.000026 seconds.
  path: Assets/Decrepit Dungeon LITE/Prefabs/Stairs/Stairs_F.prefab
  artifactKey: Guid(7c84b5794225d8a4ca0500ec37701101) Importer(815301076,1909f56bfc062723c751e8b465ee728b)
Start importing Assets/Decrepit Dungeon LITE/Prefabs/Stairs/Stairs_F.prefab using Guid(7c84b5794225d8a4ca0500ec37701101) Importer(815301076,1909f56bfc062723c751e8b465ee728b)  -> (artifact id: 'f82ed62a56417cd66d552a93c8b134c0') in 0.042854 seconds 
========================================================================
Received Import Request.
  Time since last request: 41.694243 seconds.
  path: Assets/預置物/地板/地板B.prefab
  artifactKey: Guid(c0ab8c191d711a3438a7f6cc98060234) Importer(815301076,1909f56bfc062723c751e8b465ee728b)
Start importing Assets/預置物/地板/地板B.prefab using Guid(c0ab8c191d711a3438a7f6cc98060234) Importer(815301076,1909f56bfc062723c751e8b465ee728b)  -> (artifact id: '6bf7b5bad4fae7e69107a27aaa67bf9a') in 0.034934 seconds 
========================================================================
Received Import Request.
  Time since last request: 4.372341 seconds.
  path: Assets/預置物/地板/樓梯C.prefab
  artifactKey: Guid(949cc0d6a12bec1498c7f2e63da4b29b) Importer(815301076,1909f56bfc062723c751e8b465ee728b)
Start importing Assets/預置物/地板/樓梯C.prefab using Guid(949cc0d6a12bec1498c7f2e63da4b29b) Importer(815301076,1909f56bfc062723c751e8b465ee728b)  -> (artifact id: '08107b1d5403eee27ba148fe5710ef48') in 0.030296 seconds 
========================================================================
Received Import Request.
  Time since last request: 0.000043 seconds.
  path: Assets/預置物/地板/樓梯E.prefab
  artifactKey: Guid(893ba1de799d43840a53c366b4f72de8) Importer(815301076,1909f56bfc062723c751e8b465ee728b)
Start importing Assets/預置物/地板/樓梯E.prefab using Guid(893ba1de799d43840a53c366b4f72de8) Importer(815301076,1909f56bfc062723c751e8b465ee728b)  -> (artifact id: 'dd84232ba1f0e036b7741c2ac025018d') in 0.022754 seconds 
========================================================================
Received Import Request.
  Time since last request: 5.570356 seconds.
  path: Assets/Decrepit Dungeon LITE/Prefabs/Walls/Dungeon_Tunnel_A.prefab
  artifactKey: Guid(18a3408f13d3db04f8f6c199a67986b1) Importer(815301076,1909f56bfc062723c751e8b465ee728b)
Start importing Assets/Decrepit Dungeon LITE/Prefabs/Walls/Dungeon_Tunnel_A.prefab using Guid(18a3408f13d3db04f8f6c199a67986b1) Importer(815301076,1909f56bfc062723c751e8b465ee728b)  -> (artifact id: 'b3c9d8453da98b7802006a50e1e22fa8') in 0.025271 seconds 
========================================================================
Received Import Request.
  Time since last request: 0.000028 seconds.
  path: Assets/Decrepit Dungeon LITE/Prefabs/Walls/Wall_B_Corner.prefab
  artifactKey: Guid(01311b99708e82145a709f95952e18b6) Importer(815301076,1909f56bfc062723c751e8b465ee728b)
Start importing Assets/Decrepit Dungeon LITE/Prefabs/Walls/Wall_B_Corner.prefab using Guid(01311b99708e82145a709f95952e18b6) Importer(815301076,1909f56bfc062723c751e8b465ee728b)  -> (artifact id: '68129d5a967bb3e1fe6778aea545e562') in 0.048177 seconds 
========================================================================
Received Import Request.
  Time since last request: 0.000046 seconds.
  path: Assets/Decrepit Dungeon LITE/Prefabs/Walls/Sewer_Tunnel_B.prefab
  artifactKey: Guid(cf6bc68452c25054fb498f2ea44db0b9) Importer(815301076,1909f56bfc062723c751e8b465ee728b)
Start importing Assets/Decrepit Dungeon LITE/Prefabs/Walls/Sewer_Tunnel_B.prefab using Guid(cf6bc68452c25054fb498f2ea44db0b9) Importer(815301076,1909f56bfc062723c751e8b465ee728b)  -> (artifact id: '309b05e731d1458fc87d1dcc4198e825') in 0.025640 seconds 
========================================================================
Received Import Request.
  Time since last request: 0.000016 seconds.
  path: Assets/Decrepit Dungeon LITE/Prefabs/Walls/Sewer_Tunnel_C.prefab
  artifactKey: Guid(6c445886a6d4798459acbb61e15ea1d3) Importer(815301076,1909f56bfc062723c751e8b465ee728b)
Start importing Assets/Decrepit Dungeon LITE/Prefabs/Walls/Sewer_Tunnel_C.prefab using Guid(6c445886a6d4798459acbb61e15ea1d3) Importer(815301076,1909f56bfc062723c751e8b465ee728b)  -> (artifact id: 'd4cc3873c05e0590cb0d8178db0aa31f') in 0.022653 seconds 
========================================================================
Received Import Request.
  Time since last request: 0.000053 seconds.
  path: Assets/Decrepit Dungeon LITE/Prefabs/Walls/Wall_A.prefab
  artifactKey: Guid(91d652779ec7140488b6b8e360497937) Importer(815301076,1909f56bfc062723c751e8b465ee728b)
Start importing Assets/Decrepit Dungeon LITE/Prefabs/Walls/Wall_A.prefab using Guid(91d652779ec7140488b6b8e360497937) Importer(815301076,1909f56bfc062723c751e8b465ee728b)  -> (artifact id: 'dfca32c3d94c11543e72957d1f90b8f9') in 0.025395 seconds 
========================================================================
Received Import Request.
  Time since last request: 3.452649 seconds.
  path: Assets/預置物/牆壁/拱門B.prefab
  artifactKey: Guid(da32e89150ae0714fa312a18ffd88f19) Importer(815301076,1909f56bfc062723c751e8b465ee728b)
Start importing Assets/預置物/牆壁/拱門B.prefab using Guid(da32e89150ae0714fa312a18ffd88f19) Importer(815301076,1909f56bfc062723c751e8b465ee728b)  -> (artifact id: '085848ade8e3376a55d98ea32bd5af4d') in 0.025867 seconds 
========================================================================
Received Import Request.
  Time since last request: 0.000046 seconds.
  path: Assets/預置物/牆壁/柱子E.prefab
  artifactKey: Guid(805cd289cd9cf6e479eec407d78ea777) Importer(815301076,1909f56bfc062723c751e8b465ee728b)
Start importing Assets/預置物/牆壁/柱子E.prefab using Guid(805cd289cd9cf6e479eec407d78ea777) Importer(815301076,1909f56bfc062723c751e8b465ee728b)  -> (artifact id: '93cc1b49679718c6ba64651af042c061') in 0.023217 seconds 
========================================================================
Received Import Request.
  Time since last request: 0.000036 seconds.
  path: Assets/預置物/牆壁/門D.prefab
  artifactKey: Guid(ba3935bfcd98199458c83a249c3bd3d7) Importer(815301076,1909f56bfc062723c751e8b465ee728b)
Start importing Assets/預置物/牆壁/門D.prefab using Guid(ba3935bfcd98199458c83a249c3bd3d7) Importer(815301076,1909f56bfc062723c751e8b465ee728b)  -> (artifact id: 'e6f17901d12267bc2429593eb011173a') in 0.029907 seconds 
========================================================================
Received Import Request.
  Time since last request: 0.000087 seconds.
  path: Assets/預置物/牆壁/柱子F.prefab
  artifactKey: Guid(98e2d45013084ca4fb02dd478c126aab) Importer(815301076,1909f56bfc062723c751e8b465ee728b)
Start importing Assets/預置物/牆壁/柱子F.prefab using Guid(98e2d45013084ca4fb02dd478c126aab) Importer(815301076,1909f56bfc062723c751e8b465ee728b)  -> (artifact id: '70758c35ac0562685bc543547fa7dbe5') in 0.024255 seconds 
========================================================================
Received Import Request.
  Time since last request: 0.000040 seconds.
  path: Assets/預置物/牆壁/門牆C.prefab
  artifactKey: Guid(20fd78c1e860d1d45817c6a00f292578) Importer(815301076,1909f56bfc062723c751e8b465ee728b)
Start importing Assets/預置物/牆壁/門牆C.prefab using Guid(20fd78c1e860d1d45817c6a00f292578) Importer(815301076,1909f56bfc062723c751e8b465ee728b)  -> (artifact id: '9e0adeec79c2b5e792e899502a30b442') in 0.029987 seconds 
========================================================================
Received Import Request.
  Time since last request: 237.214103 seconds.
  path: Assets/預置物/牆壁/天花板.prefab
  artifactKey: Guid(52f70fa388970294ab4b381e798c3887) Importer(815301076,1909f56bfc062723c751e8b465ee728b)
Start importing Assets/預置物/牆壁/天花板.prefab using Guid(52f70fa388970294ab4b381e798c3887) Importer(815301076,1909f56bfc062723c751e8b465ee728b)  -> (artifact id: 'a78dd6841727df8435522621005c77e0') in 0.026254 seconds 
========================================================================
Received Import Request.
  Time since last request: 0.000029 seconds.
  path: Assets/預置物/牆壁/管道B.prefab
  artifactKey: Guid(3256d39b43b14f841aefbcad4bb50bf0) Importer(815301076,1909f56bfc062723c751e8b465ee728b)
Start importing Assets/預置物/牆壁/管道B.prefab using Guid(3256d39b43b14f841aefbcad4bb50bf0) Importer(815301076,1909f56bfc062723c751e8b465ee728b)  -> (artifact id: '36eae8e748ded715a9e0e20130559fd2') in 0.026753 seconds 
========================================================================
Received Import Request.
  Time since last request: 0.000029 seconds.
  path: Assets/預置物/牆壁/牆壁圓角落B.prefab
  artifactKey: Guid(70d206ab387ef044abebccfd08613e55) Importer(815301076,1909f56bfc062723c751e8b465ee728b)
Start importing Assets/預置物/牆壁/牆壁圓角落B.prefab using Guid(70d206ab387ef044abebccfd08613e55) Importer(815301076,1909f56bfc062723c751e8b465ee728b)  -> (artifact id: 'de88cc7008f1db69b28a8e87eeba4b9e') in 0.033447 seconds 
========================================================================
Received Import Request.
  Time since last request: 0.000032 seconds.
  path: Assets/預置物/牆壁/牆壁A.prefab
  artifactKey: Guid(80599a1fdb3999149a5220feeb59d699) Importer(815301076,1909f56bfc062723c751e8b465ee728b)
Start importing Assets/預置物/牆壁/牆壁A.prefab using Guid(80599a1fdb3999149a5220feeb59d699) Importer(815301076,1909f56bfc062723c751e8b465ee728b)  -> (artifact id: 'f6ecb552e8b613f4b33afec443c80e89') in 0.025146 seconds 
========================================================================
Received Import Request.
  Time since last request: 0.000028 seconds.
  path: Assets/預置物/牆壁/管道A.prefab
  artifactKey: Guid(623a85d582a47b2478853818ca82d753) Importer(815301076,1909f56bfc062723c751e8b465ee728b)
Start importing Assets/預置物/牆壁/管道A.prefab using Guid(623a85d582a47b2478853818ca82d753) Importer(815301076,1909f56bfc062723c751e8b465ee728b)  -> (artifact id: '4f9675b473092ea544eb22e0982c0970') in 0.027266 seconds 
========================================================================
Received Import Request.
  Time since last request: 0.000024 seconds.
  path: Assets/預置物/牆壁/牆壁角落.prefab
  artifactKey: Guid(d3ae3b0eab83e7a418e6fcdf7fc81849) Importer(815301076,1909f56bfc062723c751e8b465ee728b)
Start importing Assets/預置物/牆壁/牆壁角落.prefab using Guid(d3ae3b0eab83e7a418e6fcdf7fc81849) Importer(815301076,1909f56bfc062723c751e8b465ee728b)  -> (artifact id: 'f30c07f1ce4aafe9b225e6ead9d7eb51') in 0.022181 seconds 
========================================================================
Received Import Request.
  Time since last request: 0.000085 seconds.
  path: Assets/預置物/牆壁/管道C.prefab
  artifactKey: Guid(1e893a558927a104bbc8a8dab001268c) Importer(815301076,1909f56bfc062723c751e8b465ee728b)
Start importing Assets/預置物/牆壁/管道C.prefab using Guid(1e893a558927a104bbc8a8dab001268c) Importer(815301076,1909f56bfc062723c751e8b465ee728b)  -> (artifact id: 'a440b23d9107294bc604c6d420b13788') in 0.022621 seconds 
========================================================================
Received Import Request.
  Time since last request: 23.506705 seconds.
  path: Assets/Decrepit Dungeon LITE/Meshes/Decals.fbx
  artifactKey: Guid(31e01063660b8bb42bc039ae91e2e6d4) Importer(815301076,1909f56bfc062723c751e8b465ee728b)
Start importing Assets/Decrepit Dungeon LITE/Meshes/Decals.fbx using Guid(31e01063660b8bb42bc039ae91e2e6d4) Importer(815301076,1909f56bfc062723c751e8b465ee728b)  -> (artifact id: '656ea1d9f42da20935d0b4a2a1cf3be4') in 0.331796 seconds 
========================================================================
Received Import Request.
  Time since last request: 0.000080 seconds.
  path: Assets/Decrepit Dungeon LITE/Meshes/Props.fbx
  artifactKey: Guid(fd75e63c14c4540438372a6844af68b6) Importer(815301076,1909f56bfc062723c751e8b465ee728b)
Start importing Assets/Decrepit Dungeon LITE/Meshes/Props.fbx using Guid(fd75e63c14c4540438372a6844af68b6) Importer(815301076,1909f56bfc062723c751e8b465ee728b)  -> (artifact id: '818fee157afb6ead7b2e2b0537b83416') in 0.593836 seconds 
========================================================================
Received Import Request.
  Time since last request: 4.755643 seconds.
  path: Assets/Decrepit Dungeon LITE/Materials/Cement_A.mat
  artifactKey: Guid(ce27d762ab6fc134aa497f3470cefbb3) Importer(815301076,1909f56bfc062723c751e8b465ee728b)
Start importing Assets/Decrepit Dungeon LITE/Materials/Cement_A.mat using Guid(ce27d762ab6fc134aa497f3470cefbb3) Importer(815301076,1909f56bfc062723c751e8b465ee728b)  -> (artifact id: '3db3c84f3938d914145da4cd394b0131') in 0.124907 seconds 
========================================================================
Received Import Request.
  Time since last request: 0.000024 seconds.
  path: Assets/Decrepit Dungeon LITE/Materials/Flame.mat
  artifactKey: Guid(e3aca7f17b83630409550de9dc736e58) Importer(815301076,1909f56bfc062723c751e8b465ee728b)
Start importing Assets/Decrepit Dungeon LITE/Materials/Flame.mat using Guid(e3aca7f17b83630409550de9dc736e58) Importer(815301076,1909f56bfc062723c751e8b465ee728b)  -> (artifact id: 'd4929b6aee8641ca0f94a565653ff3b6') in 0.018354 seconds 
========================================================================
Received Import Request.
  Time since last request: 0.000053 seconds.
  path: Assets/Decrepit Dungeon LITE/Materials/Grunge_C.mat
  artifactKey: Guid(cc571c58a73f82845812f11fc83b0e5c) Importer(815301076,1909f56bfc062723c751e8b465ee728b)
Start importing Assets/Decrepit Dungeon LITE/Materials/Grunge_C.mat using Guid(cc571c58a73f82845812f11fc83b0e5c) Importer(815301076,1909f56bfc062723c751e8b465ee728b)  -> (artifact id: '8ebca96f05fa5f77cace5b4eabb1b242') in 0.026307 seconds 
========================================================================
Received Import Request.
  Time since last request: 0.000032 seconds.
  path: Assets/Decrepit Dungeon LITE/Materials/Stone_A.mat
  artifactKey: Guid(abf168830e83d264faa8fadb4d51cd13) Importer(815301076,1909f56bfc062723c751e8b465ee728b)
Start importing Assets/Decrepit Dungeon LITE/Materials/Stone_A.mat using Guid(abf168830e83d264faa8fadb4d51cd13) Importer(815301076,1909f56bfc062723c751e8b465ee728b)  -> (artifact id: '71367f36c069ecc2a98bf92f74cebd16') in 0.024739 seconds 
========================================================================
Received Import Request.
  Time since last request: 0.000025 seconds.
  path: Assets/Decrepit Dungeon LITE/Materials/Wood_B.mat
  artifactKey: Guid(4d38aa63d216bca45bbaa534d09d5d9d) Importer(815301076,1909f56bfc062723c751e8b465ee728b)
Start importing Assets/Decrepit Dungeon LITE/Materials/Wood_B.mat using Guid(4d38aa63d216bca45bbaa534d09d5d9d) Importer(815301076,1909f56bfc062723c751e8b465ee728b)  -> (artifact id: 'f45dbd9ad546184bea5beda80536822e') in 0.025210 seconds 
========================================================================
Received Import Request.
  Time since last request: 0.000029 seconds.
  path: Assets/Decrepit Dungeon LITE/Materials/M_Black.mat
  artifactKey: Guid(8bc5ac0fe40131e47928f741c680005f) Importer(815301076,1909f56bfc062723c751e8b465ee728b)
Start importing Assets/Decrepit Dungeon LITE/Materials/M_Black.mat using Guid(8bc5ac0fe40131e47928f741c680005f) Importer(815301076,1909f56bfc062723c751e8b465ee728b)  -> (artifact id: 'aa746c55c64a30736bb316264367e207') in 0.016639 seconds 
========================================================================
Received Import Request.
  Time since last request: 0.000022 seconds.
  path: Assets/Decrepit Dungeon LITE/Materials/Hay_B.mat
  artifactKey: Guid(c45dbd0aa3cac5b4e95fc09e17d2c081) Importer(815301076,1909f56bfc062723c751e8b465ee728b)
Start importing Assets/Decrepit Dungeon LITE/Materials/Hay_B.mat using Guid(c45dbd0aa3cac5b4e95fc09e17d2c081) Importer(815301076,1909f56bfc062723c751e8b465ee728b)  -> (artifact id: 'd5a8f750a36266db212372592c75cff0') in 0.020361 seconds 
========================================================================
Received Import Request.
  Time since last request: 0.000115 seconds.
  path: Assets/Decrepit Dungeon LITE/Materials/Wax_A.mat
  artifactKey: Guid(4e76a25edb2e4b8468dff616e0be6496) Importer(815301076,1909f56bfc062723c751e8b465ee728b)
Start importing Assets/Decrepit Dungeon LITE/Materials/Wax_A.mat using Guid(4e76a25edb2e4b8468dff616e0be6496) Importer(815301076,1909f56bfc062723c751e8b465ee728b)  -> (artifact id: 'a65284179bb46f5108b6fb3f1855c11a') in 0.017494 seconds 
========================================================================
Received Import Request.
  Time since last request: 27.284874 seconds.
  path: Assets/Decrepit Dungeon LITE/Textures/Detail.png
  artifactKey: Guid(4e3779e0841aed74e84a2027a3b5bfac) Importer(815301076,1909f56bfc062723c751e8b465ee728b)
Start importing Assets/Decrepit Dungeon LITE/Textures/Detail.png using Guid(4e3779e0841aed74e84a2027a3b5bfac) Importer(815301076,1909f56bfc062723c751e8b465ee728b)  -> (artifact id: '07be487638f1619a684705c87cbec92d') in 0.026139 seconds 
========================================================================
Received Import Request.
  Time since last request: 0.000019 seconds.
  path: Assets/Decrepit Dungeon LITE/Textures/Grunge_A.png
  artifactKey: Guid(72e7d5388f4c13949a549d583adec657) Importer(815301076,1909f56bfc062723c751e8b465ee728b)
Start importing Assets/Decrepit Dungeon LITE/Textures/Grunge_A.png using Guid(72e7d5388f4c13949a549d583adec657) Importer(815301076,1909f56bfc062723c751e8b465ee728b)  -> (artifact id: '1b6b11f06e8aa1316e5ae0eeb2b0b44b') in 0.013830 seconds 
========================================================================
Received Import Request.
  Time since last request: 0.000053 seconds.
  path: Assets/Decrepit Dungeon LITE/Textures/Hay_D_NRM.png
  artifactKey: Guid(3ce0e0a9c35afa64996a6ad0ce4de363) Importer(815301076,1909f56bfc062723c751e8b465ee728b)
Start importing Assets/Decrepit Dungeon LITE/Textures/Hay_D_NRM.png using Guid(3ce0e0a9c35afa64996a6ad0ce4de363) Importer(815301076,1909f56bfc062723c751e8b465ee728b)  -> (artifact id: 'f4571db2906c6ecc8f8639620295369d') in 0.025281 seconds 
========================================================================
Received Import Request.
  Time since last request: 0.000141 seconds.
  path: Assets/Decrepit Dungeon LITE/Textures/Hay_B_NRM.png
  artifactKey: Guid(986815ea9fadb7c44ab0f2b27012235c) Importer(815301076,1909f56bfc062723c751e8b465ee728b)
Start importing Assets/Decrepit Dungeon LITE/Textures/Hay_B_NRM.png using Guid(986815ea9fadb7c44ab0f2b27012235c) Importer(815301076,1909f56bfc062723c751e8b465ee728b)  -> (artifact id: 'd1fa6640dfd54441f4b50badb17886a3') in 0.020945 seconds 
========================================================================
Received Import Request.
  Time since last request: 0.000036 seconds.
  path: Assets/Decrepit Dungeon LITE/Textures/Metal_B.png
  artifactKey: Guid(501824c1283d15149ae54440847ebab7) Importer(815301076,1909f56bfc062723c751e8b465ee728b)
Start importing Assets/Decrepit Dungeon LITE/Textures/Metal_B.png using Guid(501824c1283d15149ae54440847ebab7) Importer(815301076,1909f56bfc062723c751e8b465ee728b)  -> (artifact id: 'f10fc73a37d7690d28d4776166d50762') in 0.016439 seconds 
========================================================================
Received Import Request.
  Time since last request: 0.000048 seconds.
  path: Assets/Decrepit Dungeon LITE/Textures/Hay_C.png
  artifactKey: Guid(5350a6bbdb29599449c960c87464965a) Importer(815301076,1909f56bfc062723c751e8b465ee728b)
Start importing Assets/Decrepit Dungeon LITE/Textures/Hay_C.png using Guid(5350a6bbdb29599449c960c87464965a) Importer(815301076,1909f56bfc062723c751e8b465ee728b)  -> (artifact id: '557753accc5dcc194e6a4a5620356c67') in 0.022273 seconds 
========================================================================
Received Import Request.
  Time since last request: 0.000048 seconds.
  path: Assets/Decrepit Dungeon LITE/Textures/Grunge_A_NRM.png
  artifactKey: Guid(388e444b54ab3f54090e4f3fc8b23caa) Importer(815301076,1909f56bfc062723c751e8b465ee728b)
Start importing Assets/Decrepit Dungeon LITE/Textures/Grunge_A_NRM.png using Guid(388e444b54ab3f54090e4f3fc8b23caa) Importer(815301076,1909f56bfc062723c751e8b465ee728b)  -> (artifact id: '16d0295d4c64245cf320400cdb463b83') in 0.019427 seconds 
========================================================================
Received Import Request.
  Time since last request: 0.000030 seconds.
  path: Assets/Decrepit Dungeon LITE/Textures/Grunge_C.png
  artifactKey: Guid(5e42e586c9ec99146acdacd21975d5d1) Importer(815301076,1909f56bfc062723c751e8b465ee728b)
Start importing Assets/Decrepit Dungeon LITE/Textures/Grunge_C.png using Guid(5e42e586c9ec99146acdacd21975d5d1) Importer(815301076,1909f56bfc062723c751e8b465ee728b)  -> (artifact id: '37b0e92219c4e8a4d7b9da9d7f38b747') in 0.014076 seconds 
========================================================================
Received Import Request.
  Time since last request: 0.000025 seconds.
  path: Assets/Decrepit Dungeon LITE/Textures/Hay_C_NRM.png
  artifactKey: Guid(fe19af5b55dca5340835377137a75a03) Importer(815301076,1909f56bfc062723c751e8b465ee728b)
Start importing Assets/Decrepit Dungeon LITE/Textures/Hay_C_NRM.png using Guid(fe19af5b55dca5340835377137a75a03) Importer(815301076,1909f56bfc062723c751e8b465ee728b)  -> (artifact id: 'e773dca8dd6ae2273c80a38e9bf2266b') in 0.016677 seconds 
========================================================================
Received Import Request.
  Time since last request: 0.000022 seconds.
  path: Assets/Decrepit Dungeon LITE/Textures/Grunge_E_NRM.png
  artifactKey: Guid(199755e6ba5c3ee4cb26fee7d892bf50) Importer(815301076,1909f56bfc062723c751e8b465ee728b)
Start importing Assets/Decrepit Dungeon LITE/Textures/Grunge_E_NRM.png using Guid(199755e6ba5c3ee4cb26fee7d892bf50) Importer(815301076,1909f56bfc062723c751e8b465ee728b)  -> (artifact id: '50c829943e887a92ef68c1d748ed241a') in 0.019812 seconds 
========================================================================
Received Import Request.
  Time since last request: 0.000041 seconds.
  path: Assets/Decrepit Dungeon LITE/Textures/Metal_B_NRM.png
  artifactKey: Guid(77bfae395c836d04087e2b812e041cfd) Importer(815301076,1909f56bfc062723c751e8b465ee728b)
Start importing Assets/Decrepit Dungeon LITE/Textures/Metal_B_NRM.png using Guid(77bfae395c836d04087e2b812e041cfd) Importer(815301076,1909f56bfc062723c751e8b465ee728b)  -> (artifact id: '363392668962f0f8549ac1a778b120f7') in 0.011568 seconds 
========================================================================
Received Prepare
Registering precompiled user dll's ...
Registered in 0.005451 seconds.
Begin MonoManager ReloadAssembly
Symbol file LoadedFromMemory doesn't match image D:\Unity\GitHub_save\Horror_Game_109051071\Horror_Game_109051071\Library\PackageCache\com.unity.visualscripting@1.7.8\Editor\VisualScripting.Core\Dependencies\YamlDotNet\Unity.VisualScripting.YamlDotNet.dll
Symbol file LoadedFromMemory doesn't match image D:\Unity\GitHub_save\Horror_Game_109051071\Horror_Game_109051071\Library\PackageCache\com.unity.visualscripting@1.7.8\Editor\VisualScripting.Core\Dependencies\DotNetZip\Unity.VisualScripting.IonicZip.dll
Native extension for WindowsStandalone target not found
Native extension for WebGL target not found
Refreshing native plugins compatible for Editor in 0.81 ms, found 3 plugins.
Preloading 0 native plugins for Editor in 0.00 ms.
Mono: successfully reloaded assembly
- Completed reload, in  1.301 seconds
Domain Reload Profiling:
	ReloadAssembly (1302ms)
		BeginReloadAssembly (190ms)
			ExecutionOrderSort (0ms)
			DisableScriptedObjects (5ms)
			BackupInstance (0ms)
			ReleaseScriptingObjects (0ms)
			CreateAndSetChildDomain (55ms)
		EndReloadAssembly (1027ms)
			LoadAssemblies (134ms)
			RebuildTransferFunctionScriptingTraits (0ms)
			SetupTypeCache (392ms)
			ReleaseScriptCaches (2ms)
			RebuildScriptCaches (58ms)
			SetupLoadedEditorAssemblies (413ms)
				LogAssemblyErrors (0ms)
				InitializePlatformSupportModulesInManaged (14ms)
				SetLoadedEditorAssemblies (0ms)
				RefreshPlugins (1ms)
				BeforeProcessingInitializeOnLoad (73ms)
				ProcessInitializeOnLoadAttributes (277ms)
				ProcessInitializeOnLoadMethodAttributes (44ms)
				AfterProcessingInitializeOnLoad (3ms)
				EditorAssembliesLoaded (1ms)
			ExecutionOrderSort2 (0ms)
			AwakeInstancesAfterBackupRestoration (12ms)
Platform modules already initialized, skipping
Refreshing native plugins compatible for Editor in 2.82 ms, found 3 plugins.
Preloading 0 native plugins for Editor in 0.00 ms.
Unloading 3357 Unused Serialized files (Serialized files now loaded: 0)
Unloading 20 unused Assets / (80.0 KB). Loaded Objects now: 3875.
Memory consumption went from 122.1 MB to 122.1 MB.
Total: 5.939300 ms (FindLiveObjects: 0.688100 ms CreateObjectMapping: 0.473600 ms MarkObjects: 4.669200 ms  DeleteObjects: 0.105700 ms)

AssetImportParameters requested are different than current active one (requested -> active):
  custom:video-decoder-ogg-theora: a1e56fd34408186e4bbccfd4996cb3dc -> 
  custom:container-muxer-webm: aa71ff27fc2769a1b78a27578f13a17b -> 
  custom:container-demuxer-webm: 4f35f7cbe854078d1ac9338744f61a02 -> 
  custom:video-encoder-webm-vp8: eb34c28f22e8b96e1ab97ce403110664 -> 
  custom:video-codec-MediaFoundation-h265: 746d11721c4dcdbdad8f713fa42b33f4 -> 
  custom:audio-encoder-webm-vorbis: bf7c407c2cedff20999df2af8eb42d56 -> 
  custom:framework-win-MediaFoundation: 216162199b28c13a410421893ffa2e32 -> 
  custom:container-demuxer-ogg: 62fdf1f143b41e24485cea50d1cbac27 -> 
  custom:video-decoder-webm-vp8: 9c59270c3fd7afecdb556c50c9e8de78 -> 
  custom:audio-decoder-ogg-vorbis: bf7c407c2cedff20999df2af8eb42d56 -> 
========================================================================
Received Import Request.
  Time since last request: 29.879439 seconds.
  path: Assets/Decrepit Dungeon LITE/EXAMPLE/Demo_Scene/SkyboxProbe-0.exr
  artifactKey: Guid(9da6924b6c88f26408e1949ad18de13f) Importer(815301076,1909f56bfc062723c751e8b465ee728b)
Start importing Assets/Decrepit Dungeon LITE/EXAMPLE/Demo_Scene/SkyboxProbe-0.exr using Guid(9da6924b6c88f26408e1949ad18de13f) Importer(815301076,1909f56bfc062723c751e8b465ee728b)  -> (artifact id: 'ceae9cd8af15f796cec1b5b4471aff24') in 0.095086 seconds 
